GOFEE
##### STEPS: 0 #####

lml: 13.318453163312732
kernel optimized:
Theta = ['1.60e+01', '2.24e+01', '9.34e+00', '1.00e-02', '1.00e-05', '8.17e-01']

Timing:
Training    Relax pop.  Make cands.    Relax cands.    Evaluate    
3.04e-01    1.16e+01    1.20e+02       4.95e+01        1.68e+00    

Prediction:
energy = 39.06056eV,  energy_std = 0.13094eV
E_true:
0 = 42.3881eV,  1 = 42.2944eV,  

Energy of population:
0 = 39.3517eV,  1 = 39.3540eV,  2 = 39.3861eV,  3 = 39.3901eV,  
Max force of ML-relaxed population:
0 = 3.2766eV/A,  1 = 3.2385eV/A,  2 = 3.3723eV/A,  3 = 0.0275eV/A,  

##### STEPS: 1 #####

lml: -6.389061031781075
kernel optimized:
Theta = ['1.23e+02', '7.05e+00', '7.89e+00', '1.00e-02', '1.00e-05', '1.00e-01']

Timing:
Training    Relax pop.  Make cands.    Relax cands.    Evaluate    
4.61e-01    5.37e+01    1.63e+02       1.41e+02        1.71e+00    

Prediction:
energy = 39.50689eV,  energy_std = 1.08507eV
E_true:
0 = 42.3559eV,  1 = 41.5913eV,  

Energy of population:
0 = 39.3517eV,  1 = 39.3540eV,  2 = 39.3861eV,  3 = 39.3901eV,  
4 = 41.5913eV,  
Max force of ML-relaxed population:
0 = 1.9930eV/A,  1 = 1.7198eV/A,  2 = 1.6389eV/A,  3 = 0.0010eV/A,  

##### STEPS: 2 #####

lml: -10.216616348779066
kernel optimized:
Theta = ['1.00e+01', '1.40e+00', '7.91e+00', '1.00e-02', '1.00e-05', '1.00e-01']

Timing:
Training    Relax pop.  Make cands.    Relax cands.    Evaluate    
7.34e-01    4.76e+01    3.75e+01       3.36e+02        1.64e+00    

Prediction:
energy = 39.21633eV,  energy_std = 1.01380eV
E_true:
0 = 39.5743eV,  1 = 39.4799eV,  

Energy of population:
0 = 39.3517eV,  1 = 39.3540eV,  2 = 39.3861eV,  3 = 39.3901eV,  
4 = 39.4799eV,  
Max force of ML-relaxed population:
0 = 5.3541eV/A,  1 = 4.3562eV/A,  2 = 4.3885eV/A,  3 = 0.3448eV/A,  
4 = 9.1471eV/A,  

##### STEPS: 3 #####

lml: -10.688430331894487
kernel optimized:
Theta = ['1.00e+01', '1.51e+00', '1.51e+00', '1.00e-02', '1.00e-05', '1.00e-01']

Timing:
Training    Relax pop.  Make cands.    Relax cands.    Evaluate    
8.83e-01    9.07e+01    1.03e+02       2.48e+02        1.63e+00    

Prediction:
energy = 39.04437eV,  energy_std = 0.43831eV
E_true:
0 = 39.4189eV,  1 = 39.3812eV,  

Energy of population:
0 = 39.3517eV,  1 = 39.3540eV,  2 = 39.3812eV,  3 = 39.3861eV,  
4 = 39.3901eV,  
Max force of ML-relaxed population:
0 = 5.8653eV/A,  1 = 4.9630eV/A,  2 = 5.1156eV/A,  3 = 0.0001eV/A,  
4 = 0.2519eV/A,  

##### STEPS: 4 #####

lml: -12.135320135748415
kernel optimized:
Theta = ['1.00e+01', '1.29e+00', '1.99e+02', '1.00e-02', '1.00e-05', '1.00e-01']

Timing:
Training    Relax pop.  Make cands.    Relax cands.    Evaluate    
1.28e+00    5.19e+01    6.48e+01       2.23e+02        1.65e+00    

Prediction:
energy = 39.64203eV,  energy_std = 1.20473eV
E_true:
0 = 39.4427eV,  1 = 39.4370eV,  

Energy of population:
0 = 39.3517eV,  1 = 39.3540eV,  2 = 39.3812eV,  3 = 39.3861eV,  
4 = 39.3901eV,  
Max force of ML-relaxed population:
0 = 2.8788eV/A,  1 = 1.0009eV/A,  2 = 0.3164eV/A,  3 = 1.5662eV/A,  
4 = 0.8919eV/A,  

##### STEPS: 5 #####

lml: -10.192936701981576
kernel optimized:
Theta = ['1.00e+01', '1.34e+00', '1.99e+02', '1.00e-02', '1.00e-05', '1.00e-01']

Timing:
Training    Relax pop.  Make cands.    Relax cands.    Evaluate    
2.96e-01    2.08e+01    1.18e+02       2.66e+02        1.67e+00    

Prediction:
energy = 39.66338eV,  energy_std = 0.80042eV
E_true:
0 = 39.3121eV,  1 = 39.2990eV,  

Energy of population:
0 = 39.2990eV,  1 = 39.3517eV,  2 = 39.3540eV,  3 = 39.3812eV,  
4 = 39.3861eV,  
Max force of ML-relaxed population:
0 = 2.4260eV/A,  1 = 0.8290eV/A,  2 = 0.4523eV/A,  3 = 1.2139eV/A,  
4 = 0.2888eV/A,  

##### STEPS: 6 #####

lml: -9.320667340771742
kernel optimized:
Theta = ['1.00e+01', '1.42e+00', '1.99e+02', '1.00e-02', '1.00e-05', '1.00e-01']

Timing:
Training    Relax pop.  Make cands.    Relax cands.    Evaluate    
3.95e-01    1.68e+01    7.20e+01       2.20e+02        1.63e+00    

Prediction:
energy = 39.22909eV,  energy_std = 0.67008eV
E_true:
0 = 43.2102eV,  1 = 42.9728eV,  

Energy of population:
0 = 39.2990eV,  1 = 39.3517eV,  2 = 39.3540eV,  3 = 39.3812eV,  
4 = 39.3861eV,  
Max force of ML-relaxed population:
0 = 0.0003eV/A,  1 = 1.9707eV/A,  2 = 0.7273eV/A,  3 = 0.5261eV/A,  
4 = 1.0176eV/A,  

##### STEPS: 7 #####

lml: -17.098253052067722
kernel optimized:
Theta = ['1.00e+01', '1.00e+00', '1.99e+02', '1.00e-02', '1.00e-05', '1.00e-01']

Timing:
Training    Relax pop.  Make cands.    Relax cands.    Evaluate    
6.94e-01    2.37e+01    1.09e+02       2.20e+02        1.70e+00    

Prediction:
energy = 39.85145eV,  energy_std = 1.64805eV
E_true:
0 = 39.7907eV,  1 = 39.5899eV,  

Energy of population:
0 = 39.2990eV,  1 = 39.3517eV,  2 = 39.3540eV,  3 = 39.3812eV,  
4 = 39.3861eV,  
Max force of ML-relaxed population:
0 = 0.0000eV/A,  1 = 2.3432eV/A,  2 = 2.5497eV/A,  3 = 1.2919eV/A,  
4 = 2.4098eV/A,  

##### STEPS: 8 #####

lml: -17.46631055507681
kernel optimized:
Theta = ['1.00e+01', '1.04e+00', '1.99e+02', '1.00e-02', '1.00e-05', '1.00e-01']

Timing:
Training    Relax pop.  Make cands.    Relax cands.    Evaluate    
5.05e-01    2.17e+01    8.83e+01       1.99e+02        1.69e+00    

Prediction:
energy = 40.10823eV,  energy_std = 1.22979eV
E_true:
0 = 39.1624eV,  1 = 39.1077eV,  

Energy of population:
0 = 39.1077eV,  1 = 39.2990eV,  2 = 39.3517eV,  3 = 39.3540eV,  
4 = 39.3812eV,  
Max force of ML-relaxed population:
0 = 0.0006eV/A,  1 = 2.2594eV/A,  2 = 2.4915eV/A,  3 = 1.3632eV/A,  
4 = 2.3288eV/A,  

##### STEPS: 9 #####

lml: -17.89377576352847
kernel optimized:
Theta = ['1.00e+01', '1.07e+00', '1.99e+02', '1.00e-02', '1.00e-05', '1.00e-01']

Timing:
Training    Relax pop.  Make cands.    Relax cands.    Evaluate    
4.14e-01    2.21e+01    2.98e+01       2.32e+02        1.69e+00    

Prediction:
energy = 39.49315eV,  energy_std = 1.13780eV
E_true:
0 = 45.0524eV,  1 = 43.0866eV,  

Energy of population:
0 = 39.1077eV,  1 = 39.2990eV,  2 = 39.3517eV,  3 = 39.3540eV,  
4 = 39.3812eV,  
Max force of ML-relaxed population:
0 = 0.4795eV/A,  1 = 0.0009eV/A,  2 = 1.4978eV/A,  3 = 2.2327eV/A,  
4 = 1.4029eV/A,  

##### STEPS: 10 #####

lml: -31.964767299805885
kernel optimized:
Theta = ['2.09e+01', '1.05e+00', '1.99e+02', '1.00e-02', '1.00e-05', '1.00e-01']

Timing:
Training    Relax pop.  Make cands.    Relax cands.    Evaluate    
1.60e+00    2.09e+01    1.61e+01       1.57e+02        1.68e+00    

Prediction:
energy = 41.39718eV,  energy_std = 2.53532eV
E_true:
0 = 39.9990eV,  1 = 39.6576eV,  

Energy of population:
0 = 39.1077eV,  1 = 39.2990eV,  2 = 39.3517eV,  3 = 39.3540eV,  
4 = 39.3812eV,  
Max force of ML-relaxed population:
0 = 2.1184eV/A,  1 = 0.0002eV/A,  2 = 1.7487eV/A,  3 = 2.3836eV/A,  
4 = 1.2365eV/A,  

##### STEPS: 11 #####

lml: -33.55309761787549
kernel optimized:
Theta = ['3.38e+01', '1.60e+00', '1.99e+02', '1.00e-02', '1.00e-05', '1.52e+00']

Timing:
Training    Relax pop.  Make cands.    Relax cands.    Evaluate    
3.13e+00    3.05e+01    4.85e+01       1.48e+02        1.70e+00    

Prediction:
energy = 38.81165eV,  energy_std = 1.71264eV
E_true:
0 = 39.9037eV,  1 = 39.3585eV,  

Energy of population:
0 = 39.1077eV,  1 = 39.2990eV,  2 = 39.3517eV,  3 = 39.3540eV,  
4 = 39.3585eV,  
Max force of ML-relaxed population:
0 = 1.1923eV/A,  1 = 0.0009eV/A,  2 = 1.9174eV/A,  3 = 2.1222eV/A,  
4 = 2.9859eV/A,  

##### STEPS: 12 #####

lml: -35.85730416322369
kernel optimized:
Theta = ['4.82e+01', '1.81e+00', '1.99e+02', '1.00e-02', '1.00e-05', '1.20e+00']

Timing:
Training    Relax pop.  Make cands.    Relax cands.    Evaluate    
1.96e+00    3.45e+01    4.46e+01       1.77e+02        1.70e+00    

Prediction:
energy = 40.00899eV,  energy_std = 1.71798eV
E_true:
0 = 41.1325eV,  1 = 40.5054eV,  

Energy of population:
0 = 39.1077eV,  1 = 39.2990eV,  2 = 39.3517eV,  3 = 39.3540eV,  
4 = 39.3585eV,  
Max force of ML-relaxed population:
0 = 0.1993eV/A,  1 = 0.0004eV/A,  2 = 1.0118eV/A,  3 = 1.3720eV/A,  
4 = 3.5631eV/A,  

##### STEPS: 13 #####

lml: -38.616621285740166
kernel optimized:
Theta = ['4.90e+01', '1.81e+00', '1.99e+02', '1.00e-02', '1.00e-05', '1.02e+00']

Timing:
Training    Relax pop.  Make cands.    Relax cands.    Evaluate    
2.28e+00    2.39e+01    5.45e+01       2.19e+02        1.69e+00    

Prediction:
energy = 38.79539eV,  energy_std = 1.20796eV
E_true:
0 = 39.6918eV,  1 = 39.3128eV,  

Energy of population:
0 = 39.1077eV,  1 = 39.2990eV,  2 = 39.3128eV,  3 = 39.3517eV,  
4 = 39.3540eV,  
Max force of ML-relaxed population:
0 = 0.5490eV/A,  1 = 0.0004eV/A,  2 = 0.9912eV/A,  3 = 1.3066eV/A,  
4 = 3.7015eV/A,  

##### STEPS: 14 #####

lml: -40.06254370299662
kernel optimized:
Theta = ['8.89e+01', '2.32e+00', '1.99e+02', '1.00e-02', '1.00e-05', '7.31e-01']

Timing:
Training    Relax pop.  Make cands.    Relax cands.    Evaluate    
2.62e+00    5.40e+01    2.10e+01       1.74e+02        1.63e+00    

Prediction:
energy = 38.96565eV,  energy_std = 0.89896eV
E_true:
0 = 41.0248eV,  1 = 40.0419eV,  

Energy of population:
0 = 39.1077eV,  1 = 39.2990eV,  2 = 39.3517eV,  3 = 39.3540eV,  
4 = 40.0419eV,  
Max force of ML-relaxed population:
0 = 0.0001eV/A,  1 = 0.0002eV/A,  2 = 0.9246eV/A,  3 = 1.0083eV/A,  

##### STEPS: 15 #####

lml: -41.25157346271082
kernel optimized:
Theta = ['2.29e+01', '1.36e+00', '1.99e+02', '1.00e-02', '1.00e-05', '1.32e+00']

Timing:
Training    Relax pop.  Make cands.    Relax cands.    Evaluate    
2.16e+00    3.46e+01    2.10e+01       1.92e+02        1.65e+00    

Prediction:
energy = 39.63880eV,  energy_std = 1.30179eV
E_true:
0 = 39.1265eV,  1 = 39.1221eV,  

Energy of population:
0 = 39.1077eV,  1 = 39.1221eV,  2 = 39.2990eV,  3 = 39.3517eV,  
4 = 39.3540eV,  
Max force of ML-relaxed population:
0 = 0.0001eV/A,  1 = 0.0002eV/A,  2 = 1.3794eV/A,  3 = 1.9659eV/A,  
4 = 4.1185eV/A,  

##### STEPS: 16 #####

lml: -40.421476160849615
kernel optimized:
Theta = ['3.23e+01', '1.54e+00', '1.99e+02', '1.00e-02', '1.00e-05', '1.02e+00']

Timing:
Training    Relax pop.  Make cands.    Relax cands.    Evaluate    
2.96e+00    3.49e+01    4.75e+01       1.90e+02        1.66e+00    

Prediction:
energy = 39.58197eV,  energy_std = 1.42486eV
E_true:
0 = 43.0379eV,  1 = 43.0295eV,  

Energy of population:
0 = 39.1077eV,  1 = 39.1221eV,  2 = 39.2990eV,  3 = 39.3517eV,  
4 = 39.3540eV,  
Max force of ML-relaxed population:
0 = 0.9330eV/A,  1 = 0.8081eV/A,  2 = 0.0008eV/A,  3 = 1.1066eV/A,  
4 = 1.4604eV/A,  

##### STEPS: 17 #####

lml: -40.06501857573383
kernel optimized:
Theta = ['2.91e+01', '1.49e+00', '1.99e+02', '1.00e-02', '1.00e-05', '1.05e+00']

Timing:
Training    Relax pop.  Make cands.    Relax cands.    Evaluate    
2.71e+00    3.91e+01    3.05e+01       1.79e+02        1.67e+00    

Prediction:
energy = 38.50209eV,  energy_std = 0.59194eV
E_true:
0 = 39.1012eV,  1 = 39.0893eV,  

Energy of population:
0 = 39.0893eV,  1 = 39.1077eV,  2 = 39.1221eV,  3 = 39.2990eV,  
4 = 39.3517eV,  
Max force of ML-relaxed population:
0 = 0.7552eV/A,  1 = 0.7838eV/A,  2 = 0.0002eV/A,  3 = 1.1890eV/A,  
4 = 1.5171eV/A,  

##### STEPS: 18 #####

lml: -38.835197697195085
kernel optimized:
Theta = ['2.19e+01', '1.30e+00', '1.99e+02', '1.00e-02', '1.00e-05', '1.00e+00']

Timing:
Training    Relax pop.  Make cands.    Relax cands.    Evaluate    
2.21e+00    2.82e+01    1.34e+01       3.01e+02        1.66e+00    

Prediction:
energy = 39.86054eV,  energy_std = 1.42326eV
E_true:
0 = 41.8145eV,  1 = 41.8003eV,  

Energy of population:
0 = 39.0893eV,  1 = 39.1077eV,  2 = 39.1221eV,  3 = 39.2990eV,  
4 = 39.3517eV,  
Max force of ML-relaxed population:
0 = 0.3965eV/A,  1 = 0.3187eV/A,  2 = 0.7176eV/A,  3 = 0.0006eV/A,  
4 = 1.4388eV/A,  

##### STEPS: 19 #####

lml: -37.69597826415256
kernel optimized:
Theta = ['1.47e+01', '1.14e+00', '1.99e+02', '1.00e-02', '1.00e-05', '1.19e+00']

Timing:
Training    Relax pop.  Make cands.    Relax cands.    Evaluate    
3.19e+00    5.66e+01    1.12e+01       2.78e+02        1.69e+00    

Prediction:
energy = 39.68813eV,  energy_std = 1.23486eV
E_true:
0 = 39.0262eV,  1 = 39.0200eV,  

Energy of population:
0 = 39.0200eV,  1 = 39.0893eV,  2 = 39.1077eV,  3 = 39.1221eV,  
4 = 39.2990eV,  
Max force of ML-relaxed population:
0 = 0.4896eV/A,  1 = 0.0004eV/A,  2 = 0.6989eV/A,  3 = 0.0008eV/A,  
4 = 1.6851eV/A,  

##### STEPS: 20 #####

lml: -36.38638427429905
kernel optimized:
Theta = ['1.43e+01', '1.14e+00', '1.99e+02', '1.00e-02', '1.00e-05', '1.14e+00']

Timing:
Training    Relax pop.  Make cands.    Relax cands.    Evaluate    
3.61e+00    6.35e+01    1.03e+01       2.25e+02        1.69e+00    

Prediction:
energy = 38.98825eV,  energy_std = 0.88832eV
E_true:
0 = 39.3994eV,  1 = 39.2022eV,  

Energy of population:
0 = 39.0200eV,  1 = 39.0893eV,  2 = 39.1077eV,  3 = 39.1221eV,  
4 = 39.2022eV,  
Max force of ML-relaxed population:
0 = 0.6239eV/A,  1 = 0.4693eV/A,  2 = 0.0005eV/A,  3 = 0.7002eV/A,  
4 = 0.0004eV/A,  

##### STEPS: 21 #####

lml: -36.915833016836075
kernel optimized:
Theta = ['1.53e+01', '1.16e+00', '1.99e+02', '1.00e-02', '1.00e-05', '1.02e+00']

Timing:
Training    Relax pop.  Make cands.    Relax cands.    Evaluate    
4.15e+00    2.54e+01    1.16e+01       2.41e+02        1.71e+00    

Prediction:
energy = 39.73898eV,  energy_std = 1.46749eV
E_true:
0 = 39.4898eV,  1 = 39.3028eV,  

Energy of population:
0 = 39.0200eV,  1 = 39.0893eV,  2 = 39.1077eV,  3 = 39.1221eV,  
4 = 39.2022eV,  
Max force of ML-relaxed population:
0 = 0.7805eV/A,  1 = 0.4192eV/A,  2 = 0.0002eV/A,  3 = 0.6359eV/A,  
4 = 1.6839eV/A,  

##### STEPS: 22 #####

lml: -37.91456700016079
kernel optimized:
Theta = ['1.92e+01', '1.30e+00', '1.99e+02', '1.00e-02', '1.00e-05', '9.98e-01']

Timing:
Training    Relax pop.  Make cands.    Relax cands.    Evaluate    
4.40e+00    4.04e+01    1.07e+01       2.43e+02        1.69e+00    

Prediction:
energy = 38.85101eV,  energy_std = 0.52858eV
E_true:
0 = 39.0792eV,  1 = 39.0563eV,  

Energy of population:
0 = 39.0200eV,  1 = 39.0563eV,  2 = 39.0893eV,  3 = 39.1077eV,  
4 = 39.1221eV,  
Max force of ML-relaxed population:
0 = 0.8089eV/A,  1 = 0.4784eV/A,  2 = 0.0003eV/A,  3 = 0.7401eV/A,  
4 = 1.7911eV/A,  

##### STEPS: 23 #####

lml: -36.463890531772144
kernel optimized:
Theta = ['2.04e+01', '1.34e+00', '1.99e+02', '1.00e-02', '1.00e-05', '9.07e-01']

Timing:
Training    Relax pop.  Make cands.    Relax cands.    Evaluate    
5.28e+00    4.14e+01    1.09e+01       2.87e+02        1.70e+00    

Prediction:
energy = 39.42039eV,  energy_std = 1.17239eV
E_true:
0 = 39.3440eV,  1 = 39.3250eV,  

Energy of population:
0 = 39.0200eV,  1 = 39.0563eV,  2 = 39.0893eV,  3 = 39.1077eV,  
4 = 39.1221eV,  
Max force of ML-relaxed population:
0 = 1.0985eV/A,  1 = 0.0009eV/A,  2 = 0.5565eV/A,  3 = 0.6929eV/A,  
4 = 0.9229eV/A,  

##### STEPS: 24 #####

lml: -35.326428090872824
kernel optimized:
Theta = ['2.30e+01', '1.40e+00', '1.99e+02', '1.00e-02', '1.00e-05', '7.92e-01']

Timing:
Training    Relax pop.  Make cands.    Relax cands.    Evaluate    
5.30e+00    3.69e+01    1.14e+01       2.14e+02        1.68e+00    

Prediction:
energy = 38.90769eV,  energy_std = 0.63747eV
E_true:
0 = 38.8651eV,  1 = 38.8480eV,  

Energy of population:
0 = 38.8480eV,  1 = 39.0200eV,  2 = 39.0893eV,  3 = 39.1077eV,  
4 = 39.1221eV,  
Max force of ML-relaxed population:
0 = 1.0901eV/A,  1 = 1.6180eV/A,  2 = 0.5795eV/A,  3 = 1.3904eV/A,  
4 = 1.0263eV/A,  

##### STEPS: 25 #####

lml: -33.6669923272003
kernel optimized:
Theta = ['2.29e+01', '1.36e+00', '1.99e+02', '1.00e-02', '1.00e-05', '5.59e-01']

Timing:
Training    Relax pop.  Make cands.    Relax cands.    Evaluate    
5.35e+00    1.27e+01    9.06e+00       2.46e+02        1.68e+00    

Prediction:
energy = 38.85836eV,  energy_std = 0.45765eV
E_true:
0 = 39.0003eV,  1 = 38.9886eV,  

Energy of population:
0 = 38.8480eV,  1 = 38.9886eV,  2 = 39.0200eV,  3 = 39.0893eV,  
4 = 39.1077eV,  
Max force of ML-relaxed population:
0 = 1.7884eV/A,  1 = 1.1582eV/A,  2 = 0.6175eV/A,  3 = 1.5877eV/A,  
4 = 1.1852eV/A,  

##### STEPS: 26 #####

lml: -31.560811549193964
kernel optimized:
Theta = ['2.18e+01', '1.35e+00', '1.99e+02', '1.00e-02', '1.00e-05', '5.95e-01']

Timing:
Training    Relax pop.  Make cands.    Relax cands.    Evaluate    
6.01e+00    3.77e+01    1.00e+01       2.02e+02        1.69e+00    

Prediction:
energy = 39.24350eV,  energy_std = 0.70267eV
E_true:
0 = 39.4898eV,  1 = 39.4124eV,  

Energy of population:
0 = 38.8480eV,  1 = 38.9886eV,  2 = 39.0200eV,  3 = 39.0893eV,  
4 = 39.1077eV,  
Max force of ML-relaxed population:
0 = 1.7200eV/A,  1 = 0.7377eV/A,  2 = 1.0925eV/A,  3 = 0.6123eV/A,  
4 = 0.0001eV/A,  

##### STEPS: 27 #####

lml: -30.638824128881495
kernel optimized:
Theta = ['2.05e+01', '1.28e+00', '1.99e+02', '1.00e-02', '1.00e-05', '3.46e-01']

Timing:
Training    Relax pop.  Make cands.    Relax cands.    Evaluate    
6.70e+00    2.04e+01    9.68e+00       3.41e+02        1.67e+00    

Prediction:
energy = 39.20538eV,  energy_std = 0.89930eV
E_true:
0 = 39.3828eV,  1 = 39.2775eV,  

Energy of population:
0 = 38.8480eV,  1 = 38.9886eV,  2 = 39.0200eV,  3 = 39.0893eV,  
4 = 39.1077eV,  
Max force of ML-relaxed population:
0 = 1.2985eV/A,  1 = 0.7652eV/A,  2 = 1.0262eV/A,  3 = 0.4847eV/A,  
4 = 0.4473eV/A,  

##### STEPS: 28 #####

lml: -33.44468803014238
kernel optimized:
Theta = ['1.31e+01', '1.00e+00', '1.99e+02', '1.00e-02', '1.00e-05', '1.00e-01']

Timing:
Training    Relax pop.  Make cands.    Relax cands.    Evaluate    
7.81e+00    2.57e+01    1.07e+01       2.54e+02        1.66e+00    

Prediction:
energy = 38.70599eV,  energy_std = 0.71415eV
E_true:
0 = 40.9021eV,  1 = 40.8221eV,  

Energy of population:
0 = 38.8480eV,  1 = 38.9886eV,  2 = 39.0200eV,  3 = 39.0893eV,  
4 = 39.1077eV,  
Max force of ML-relaxed population:
0 = 0.9388eV/A,  1 = 0.8619eV/A,  2 = 2.4332eV/A,  3 = 0.7655eV/A,  
4 = 0.7698eV/A,  

##### STEPS: 29 #####

lml: -33.7821492363252
kernel optimized:
Theta = ['1.28e+01', '1.00e+00', '1.99e+02', '1.00e-02', '1.00e-05', '2.92e-01']

Timing:
Training    Relax pop.  Make cands.    Relax cands.    Evaluate    
8.65e+00    1.38e+01    1.16e+01       2.43e+02        1.68e+00    

Prediction:
energy = 38.68987eV,  energy_std = 0.55084eV
E_true:
0 = 39.0913eV,  1 = 39.0735eV,  

Energy of population:
0 = 38.8480eV,  1 = 38.9886eV,  2 = 39.0200eV,  3 = 39.0735eV,  
4 = 39.0893eV,  
Max force of ML-relaxed population:
0 = 1.0358eV/A,  1 = 1.3194eV/A,  2 = 2.5307eV/A,  3 = 1.0625eV/A,  
4 = 0.4280eV/A,  

##### STEPS: 30 #####

lml: -32.184326894099456
kernel optimized:
Theta = ['1.23e+01', '1.00e+00', '1.99e+02', '1.00e-02', '1.00e-05', '3.74e-01']

Timing:
Training    Relax pop.  Make cands.    Relax cands.    Evaluate    
6.81e+00    5.26e+00    1.04e+01       2.17e+02        1.69e+00    

Prediction:
energy = 39.03897eV,  energy_std = 0.54439eV
E_true:
0 = 39.2831eV,  1 = 39.2787eV,  

Energy of population:
0 = 38.8480eV,  1 = 38.9886eV,  2 = 39.0200eV,  3 = 39.0735eV,  
4 = 39.0893eV,  
Max force of ML-relaxed population:
0 = 1.1204eV/A,  1 = 1.2321eV/A,  2 = 2.4242eV/A,  3 = 1.0455eV/A,  
4 = 0.9244eV/A,  

##### STEPS: 31 #####

lml: -30.09021806857828
kernel optimized:
Theta = ['1.15e+01', '1.00e+00', '1.99e+02', '1.00e-02', '1.00e-05', '4.82e-01']

Timing:
Training    Relax pop.  Make cands.    Relax cands.    Evaluate    
9.68e+00    5.26e+00    1.03e+01       2.81e+02        1.68e+00    

Prediction:
energy = 38.68967eV,  energy_std = 0.59349eV
E_true:
0 = 42.1557eV,  1 = 41.5436eV,  

Energy of population:
0 = 38.8480eV,  1 = 38.9886eV,  2 = 39.0200eV,  3 = 39.0735eV,  
4 = 39.0893eV,  
Max force of ML-relaxed population:
0 = 1.1565eV/A,  1 = 1.1928eV/A,  2 = 2.2019eV/A,  3 = 0.9682eV/A,  
4 = 0.9059eV/A,  

##### STEPS: 32 #####

lml: -31.5698838055704
kernel optimized:
Theta = ['1.37e+01', '1.04e+00', '1.99e+02', '1.00e-02', '1.00e-05', '2.87e-01']

Timing:
Training    Relax pop.  Make cands.    Relax cands.    Evaluate    
7.27e+00    5.26e+00    9.80e+00       2.83e+02        1.67e+00    

Prediction:
energy = 39.19527eV,  energy_std = 0.93082eV
E_true:
0 = 39.1816eV,  1 = 39.1216eV,  

Energy of population:
0 = 38.8480eV,  1 = 38.9886eV,  2 = 39.0200eV,  3 = 39.0735eV,  
4 = 39.0893eV,  
Max force of ML-relaxed population:
0 = 1.1472eV/A,  1 = 1.0183eV/A,  2 = 2.1339eV/A,  3 = 1.0899eV/A,  
4 = 1.0234eV/A,  

##### STEPS: 33 #####

lml: -31.024237282023833
kernel optimized:
Theta = ['1.28e+01', '1.00e+00', '1.99e+02', '1.00e-02', '1.00e-05', '1.69e-01']

Timing:
Training    Relax pop.  Make cands.    Relax cands.    Evaluate    
1.30e+01    5.26e+00    8.82e+00       2.35e+02        1.69e+00    

Prediction:
energy = 39.09585eV,  energy_std = 0.90311eV
E_true:
0 = 38.9197eV,  1 = 38.8866eV,  

Energy of population:
0 = 38.8480eV,  1 = 38.8866eV,  2 = 38.9886eV,  3 = 39.0200eV,  
4 = 39.0735eV,  
Max force of ML-relaxed population:
0 = 1.1076eV/A,  1 = 0.9253eV/A,  2 = 2.3237eV/A,  3 = 0.9886eV/A,  
4 = 0.7831eV/A,  

##### STEPS: 34 #####

lml: -30.5057789306655
kernel optimized:
Theta = ['1.34e+01', '1.03e+00', '1.99e+02', '1.00e-02', '1.00e-05', '1.34e-01']

Timing:
Training    Relax pop.  Make cands.    Relax cands.    Evaluate    
1.21e+01    5.26e+00    1.18e+01       2.56e+02        1.67e+00    

Prediction:
energy = 39.43902eV,  energy_std = 0.86438eV
E_true:
0 = 39.5827eV,  1 = 39.2856eV,  

Energy of population:
0 = 38.8480eV,  1 = 38.8866eV,  2 = 38.9886eV,  3 = 39.0200eV,  
4 = 39.0735eV,  
Max force of ML-relaxed population:
0 = 1.1450eV/A,  1 = 1.2879eV/A,  2 = 0.9373eV/A,  3 = 2.3189eV/A,  
4 = 1.0044eV/A,  

##### STEPS: 35 #####

lml: -31.226727002796423
kernel optimized:
Theta = ['1.39e+01', '1.08e+00', '1.99e+02', '1.00e-02', '1.00e-05', '3.56e-01']

Timing:
Training    Relax pop.  Make cands.    Relax cands.    Evaluate    
1.37e+01    5.18e+00    1.42e+01       3.38e+02        1.67e+00    

Prediction:
energy = 38.83180eV,  energy_std = 0.50045eV
E_true:
0 = 39.3306eV,  1 = 39.2565eV,  

Energy of population:
0 = 38.8480eV,  1 = 38.8866eV,  2 = 38.9886eV,  3 = 39.0200eV,  
4 = 39.0735eV,  
Max force of ML-relaxed population:
0 = 1.0982eV/A,  1 = 1.3353eV/A,  2 = 0.9022eV/A,  3 = 1.4439eV/A,  
4 = 1.0303eV/A,  

##### STEPS: 36 #####

lml: -31.581490038356947
kernel optimized:
Theta = ['1.31e+01', '1.04e+00', '1.99e+02', '1.00e-02', '1.00e-05', '3.08e-01']

Timing:
Training    Relax pop.  Make cands.    Relax cands.    Evaluate    
7.33e+00    5.20e+00    1.05e+01       3.20e+02        1.63e+00    

Prediction:
energy = 38.54978eV,  energy_std = 0.48840eV
E_true:
0 = 39.4796eV,  1 = 39.4749eV,  

Energy of population:
0 = 38.8480eV,  1 = 38.8866eV,  2 = 38.9886eV,  3 = 39.0200eV,  
4 = 39.0735eV,  
Max force of ML-relaxed population:
0 = 1.1618eV/A,  1 = 2.1276eV/A,  2 = 0.9174eV/A,  3 = 1.7017eV/A,  
4 = 1.1043eV/A,  

##### STEPS: 37 #####

lml: -29.464923732973787
kernel optimized:
Theta = ['1.35e+01', '1.08e+00', '1.99e+02', '1.00e-02', '1.00e-05', '4.14e-01']

Timing:
Training    Relax pop.  Make cands.    Relax cands.    Evaluate    
1.36e+01    5.22e+00    1.04e+01       2.61e+02        1.64e+00    

Prediction:
energy = 39.29300eV,  energy_std = 0.48646eV
E_true:
0 = 39.4938eV,  1 = 39.4136eV,  

Energy of population:
0 = 38.8480eV,  1 = 38.8866eV,  2 = 38.9886eV,  3 = 39.0200eV,  
4 = 39.0735eV,  
Max force of ML-relaxed population:
0 = 1.1838eV/A,  1 = 2.2129eV/A,  2 = 0.9418eV/A,  3 = 1.6613eV/A,  
4 = 1.1197eV/A,  

##### STEPS: 38 #####

lml: -28.5653375085636
kernel optimized:
Theta = ['1.32e+01', '1.08e+00', '1.99e+02', '1.00e-02', '1.00e-05', '4.33e-01']

Timing:
Training    Relax pop.  Make cands.    Relax cands.    Evaluate    
1.37e+01    5.26e+00    1.21e+01       2.84e+02        1.68e+00    

Prediction:
energy = 38.48679eV,  energy_std = 0.50706eV
E_true:
0 = 41.5764eV,  1 = 41.3831eV,  

Energy of population:
0 = 38.8480eV,  1 = 38.8866eV,  2 = 38.9886eV,  3 = 39.0200eV,  
4 = 39.0735eV,  
Max force of ML-relaxed population:
0 = 1.1212eV/A,  1 = 2.1374eV/A,  2 = 0.8697eV/A,  3 = 1.7879eV/A,  
4 = 1.0195eV/A,  

##### STEPS: 39 #####

lml: -28.751831487758807
kernel optimized:
Theta = ['1.41e+01', '1.15e+00', '1.99e+02', '1.00e-02', '1.00e-05', '5.96e-01']

Timing:
Training    Relax pop.  Make cands.    Relax cands.    Evaluate    
9.14e+00    5.27e+00    1.05e+01       2.75e+02        1.68e+00    

Prediction:
energy = 38.76595eV,  energy_std = 0.41376eV
E_true:
0 = 39.4908eV,  1 = 39.2050eV,  

Energy of population:
0 = 38.8480eV,  1 = 38.8866eV,  2 = 38.9886eV,  3 = 39.0200eV,  
4 = 39.0735eV,  
Max force of ML-relaxed population:
0 = 1.1370eV/A,  1 = 2.3699eV/A,  2 = 0.9565eV/A,  3 = 1.6791eV/A,  
4 = 0.9608eV/A,  

##### STEPS: 40 #####

lml: -29.623338362796375
kernel optimized:
Theta = ['1.45e+01', '1.16e+00', '1.99e+02', '1.00e-02', '1.00e-05', '5.41e-01']

Timing:
Training    Relax pop.  Make cands.    Relax cands.    Evaluate    
1.03e+01    5.28e+00    9.96e+00       2.77e+02        1.68e+00    

Prediction:
energy = 38.97854eV,  energy_std = 0.55409eV
E_true:
0 = 39.2275eV,  1 = 39.2198eV,  

Energy of population:
0 = 38.8480eV,  1 = 38.8866eV,  2 = 38.9886eV,  3 = 39.0200eV,  
4 = 39.0735eV,  
Max force of ML-relaxed population:
0 = 1.0678eV/A,  1 = 2.3605eV/A,  2 = 0.9869eV/A,  3 = 1.7727eV/A,  
4 = 1.0154eV/A,  

##### STEPS: 41 #####

lml: -28.075418592268605
kernel optimized:
Theta = ['1.41e+01', '1.14e+00', '1.99e+02', '1.00e-02', '1.00e-05', '5.00e-01']

Timing:
Training    Relax pop.  Make cands.    Relax cands.    Evaluate    
1.33e+01    5.29e+00    1.10e+01       2.91e+02        1.68e+00    

Prediction:
energy = 39.56558eV,  energy_std = 0.50223eV
E_true:
0 = 39.5219eV,  1 = 39.4645eV,  

Energy of population:
0 = 38.8480eV,  1 = 38.8866eV,  2 = 38.9886eV,  3 = 39.0200eV,  
4 = 39.0735eV,  
Max force of ML-relaxed population:
0 = 1.0289eV/A,  1 = 2.4919eV/A,  2 = 0.8949eV/A,  3 = 1.6564eV/A,  
4 = 1.0684eV/A,  

##### STEPS: 42 #####

lml: -27.825627993200058
kernel optimized:
Theta = ['1.27e+01', '1.06e+00', '1.99e+02', '1.00e-02', '1.00e-05', '3.10e-01']

Timing:
Training    Relax pop.  Make cands.    Relax cands.    Evaluate    
1.09e+01    5.31e+00    1.04e+01       3.34e+02        1.66e+00    

Prediction:
energy = 38.86007eV,  energy_std = 0.64409eV
E_true:
0 = 39.4498eV,  1 = 39.4495eV,  

Energy of population:
0 = 38.8480eV,  1 = 38.8866eV,  2 = 38.9886eV,  3 = 39.0200eV,  
4 = 39.0735eV,  
Max force of ML-relaxed population:
0 = 1.1403eV/A,  1 = 2.2758eV/A,  2 = 0.9720eV/A,  3 = 2.1211eV/A,  
4 = 1.2503eV/A,  

##### STEPS: 43 #####

lml: -24.595945759728636
kernel optimized:
Theta = ['1.18e+01', '1.03e+00', '1.99e+02', '1.00e-02', '1.00e-05', '2.57e-01']

Timing:
Training    Relax pop.  Make cands.    Relax cands.    Evaluate    
1.75e+01    5.29e+00    1.06e+01       4.05e+02        1.68e+00    

Prediction:
energy = 39.47351eV,  energy_std = 0.65973eV
E_true:
0 = 39.2463eV,  1 = 39.1809eV,  

Energy of population:
0 = 38.8480eV,  1 = 38.8866eV,  2 = 38.9886eV,  3 = 39.0200eV,  
4 = 39.0735eV,  
Max force of ML-relaxed population:
0 = 1.1367eV/A,  1 = 2.2209eV/A,  2 = 0.9841eV/A,  3 = 2.0659eV/A,  
4 = 1.2417eV/A,  

##### STEPS: 44 #####

lml: -23.216898868899264
kernel optimized:
Theta = ['1.19e+01', '1.04e+00', '1.99e+02', '1.00e-02', '1.00e-05', '2.34e-01']

Timing:
Training    Relax pop.  Make cands.    Relax cands.    Evaluate    
1.98e+01    5.28e+00    8.64e+00       2.65e+02        1.65e+00    

Prediction:
energy = 39.23116eV,  energy_std = 0.69512eV
E_true:
0 = 39.4720eV,  1 = 39.4718eV,  

Energy of population:
0 = 38.8480eV,  1 = 38.8866eV,  2 = 38.9886eV,  3 = 39.0200eV,  
4 = 39.0735eV,  
Max force of ML-relaxed population:
0 = 1.1119eV/A,  1 = 2.1569eV/A,  2 = 0.8571eV/A,  3 = 1.7131eV/A,  
4 = 1.0450eV/A,  

##### STEPS: 45 #####

lml: -20.230305811169984
kernel optimized:
Theta = ['1.10e+01', '1.03e+00', '1.99e+02', '1.00e-02', '1.00e-05', '3.35e-01']

Timing:
Training    Relax pop.  Make cands.    Relax cands.    Evaluate    
2.07e+01    5.21e+00    1.08e+01       2.06e+02        1.68e+00    

Prediction:
energy = 38.96483eV,  energy_std = 0.47066eV
E_true:
0 = 40.3825eV,  1 = 40.2889eV,  

Energy of population:
0 = 38.8480eV,  1 = 38.8866eV,  2 = 38.9886eV,  3 = 39.0200eV,  
4 = 39.0735eV,  
Max force of ML-relaxed population:
0 = 1.0235eV/A,  1 = 2.0548eV/A,  2 = 0.8745eV/A,  3 = 1.6063eV/A,  
4 = 1.0732eV/A,  

##### STEPS: 46 #####

lml: -20.914425218260817
kernel optimized:
Theta = ['1.07e+01', '1.06e+00', '1.99e+02', '1.00e-02', '1.00e-05', '6.52e-01']

Timing:
Training    Relax pop.  Make cands.    Relax cands.    Evaluate    
1.89e+01    5.20e+00    9.82e+00       3.68e+02        1.66e+00    

Prediction:
energy = 39.05676eV,  energy_std = 0.40207eV
E_true:
0 = 39.3772eV,  1 = 39.3511eV,  

Energy of population:
0 = 38.8480eV,  1 = 38.8866eV,  2 = 38.9886eV,  3 = 39.0200eV,  
4 = 39.0735eV,  
Max force of ML-relaxed population:
0 = 1.0828eV/A,  1 = 2.2561eV/A,  2 = 0.7293eV/A,  3 = 1.6843eV/A,  
4 = 0.9167eV/A,  

##### STEPS: 47 #####

lml: -19.50472130492423
kernel optimized:
Theta = ['1.09e+01', '1.09e+00', '1.99e+02', '1.00e-02', '1.00e-05', '7.41e-01']

Timing:
Training    Relax pop.  Make cands.    Relax cands.    Evaluate    
1.79e+01    5.70e+00    1.00e+01       2.62e+02        1.67e+00    

Prediction:
energy = 39.28318eV,  energy_std = 0.52564eV
E_true:
0 = 39.0265eV,  1 = 39.0217eV,  

Energy of population:
0 = 38.8480eV,  1 = 38.8866eV,  2 = 38.9886eV,  3 = 39.0200eV,  
4 = 39.0217eV,  
Max force of ML-relaxed population:
0 = 1.0893eV/A,  1 = 2.3341eV/A,  2 = 0.7506eV/A,  3 = 1.7334eV/A,  
4 = 0.8871eV/A,  

##### STEPS: 48 #####

lml: -17.08187013211382
kernel optimized:
Theta = ['1.05e+01', '1.10e+00', '1.99e+02', '1.00e-02', '1.00e-05', '8.08e-01']

Timing:
Training    Relax pop.  Make cands.    Relax cands.    Evaluate    
1.76e+01    1.86e+01    1.10e+01       2.80e+02        1.66e+00    

Prediction:
energy = 39.06413eV,  energy_std = 0.49763eV
E_true:
0 = 43.3704eV,  1 = 43.2513eV,  

Energy of population:
0 = 38.8480eV,  1 = 38.8866eV,  2 = 38.9886eV,  3 = 39.0200eV,  
4 = 39.0217eV,  
Max force of ML-relaxed population:
0 = 1.1159eV/A,  1 = 2.2372eV/A,  2 = 0.7600eV/A,  3 = 1.6194eV/A,  
4 = 0.0010eV/A,  

##### STEPS: 49 #####

lml: -21.02574365214778
kernel optimized:
Theta = ['1.01e+01', '1.12e+00', '1.99e+02', '1.00e-02', '1.00e-05', '1.17e+00']

Timing:
Training    Relax pop.  Make cands.    Relax cands.    Evaluate    
1.64e+01    1.94e+01    8.58e+00       1.86e+02        1.66e+00    

Prediction:
energy = 39.00162eV,  energy_std = 0.42672eV
E_true:
0 = 39.6015eV,  1 = 39.3872eV,  

Energy of population:
0 = 38.8480eV,  1 = 38.8866eV,  2 = 38.9886eV,  3 = 39.0200eV,  
4 = 39.0217eV,  
Max force of ML-relaxed population:
0 = 1.1707eV/A,  1 = 2.6317eV/A,  2 = 0.8023eV/A,  3 = 1.4809eV/A,  
4 = 0.0003eV/A,  

##### STEPS: 50 #####

lml: -20.129919902223364
kernel optimized:
Theta = ['1.01e+01', '1.13e+00', '1.99e+02', '1.00e-02', '1.00e-05', '1.18e+00']

Timing:
Training    Relax pop.  Make cands.    Relax cands.    Evaluate    
1.70e+01    2.00e+01    1.10e+01       2.64e+02        1.68e+00    

Prediction:
energy = 38.69713eV,  energy_std = 0.58083eV
E_true:
0 = 39.3345eV,  1 = 39.1224eV,  

Energy of population:
0 = 38.8480eV,  1 = 38.8866eV,  2 = 38.9886eV,  3 = 39.0200eV,  
4 = 39.0217eV,  
Max force of ML-relaxed population:
0 = 1.1508eV/A,  1 = 2.6580eV/A,  2 = 0.7794eV/A,  3 = 1.4736eV/A,  
4 = 0.0002eV/A,  

##### STEPS: 51 #####

kernel fixed:
Theta = ['1.01e+01', '1.13e+00', '1.99e+02', '1.00e-02', '1.00e-05', '1.18e+00']

Timing:
Training    Relax pop.  Make cands.    Relax cands.    Evaluate    
1.91e-01    2.56e+01    1.05e+01       2.19e+02        1.67e+00    

Prediction:
energy = 38.61268eV,  energy_std = 0.61118eV
E_true:
0 = 39.1736eV,  1 = 39.1575eV,  

Energy of population:
0 = 38.8480eV,  1 = 38.8866eV,  2 = 38.9886eV,  3 = 39.0200eV,  
4 = 39.0217eV,  
Max force of ML-relaxed population:
0 = 1.3985eV/A,  1 = 2.5751eV/A,  2 = 0.7555eV/A,  3 = 1.5201eV/A,  
4 = 0.8885eV/A,  

##### STEPS: 52 #####

kernel fixed:
Theta = ['1.01e+01', '1.13e+00', '1.99e+02', '1.00e-02', '1.00e-05', '1.18e+00']

Timing:
Training    Relax pop.  Make cands.    Relax cands.    Evaluate    
1.99e-01    2.14e+01    9.77e+00       2.73e+02        1.65e+00    

Prediction:
energy = 39.00077eV,  energy_std = 1.43551eV
E_true:
0 = 39.3258eV,  1 = 39.3170eV,  

Energy of population:
0 = 38.8480eV,  1 = 38.8866eV,  2 = 38.9886eV,  3 = 39.0200eV,  
4 = 39.0217eV,  
Max force of ML-relaxed population:
0 = 1.4141eV/A,  1 = 2.5973eV/A,  2 = 0.7696eV/A,  3 = 1.5384eV/A,  
4 = 1.7770eV/A,  

##### STEPS: 53 #####

kernel fixed:
Theta = ['1.01e+01', '1.13e+00', '1.99e+02', '1.00e-02', '1.00e-05', '1.18e+00']

Timing:
Training    Relax pop.  Make cands.    Relax cands.    Evaluate    
2.10e-01    2.55e+01    1.10e+01       2.48e+02        1.69e+00    

Prediction:
energy = 38.48249eV,  energy_std = 0.68740eV
E_true:
0 = 38.7467eV,  1 = 38.7272eV,  

Energy of population:
0 = 38.7272eV,  1 = 38.8480eV,  2 = 38.8866eV,  3 = 38.9886eV,  
4 = 39.0200eV,  
Max force of ML-relaxed population:
0 = 1.4452eV/A,  1 = 2.5936eV/A,  2 = 0.7863eV/A,  3 = 1.5486eV/A,  
4 = 1.3424eV/A,  

##### STEPS: 54 #####

kernel fixed:
Theta = ['1.01e+01', '1.13e+00', '1.99e+02', '1.00e-02', '1.00e-05', '1.18e+00']

Timing:
Training    Relax pop.  Make cands.    Relax cands.    Evaluate    
2.18e-01    5.87e+00    9.21e+00       2.53e+02        1.68e+00    

Prediction:
energy = 38.60134eV,  energy_std = 1.02711eV
E_true:
0 = 39.0870eV,  1 = 39.0776eV,  

Energy of population:
0 = 38.7272eV,  1 = 38.8480eV,  2 = 38.8866eV,  3 = 38.9886eV,  
4 = 39.0200eV,  
Max force of ML-relaxed population:
0 = 1.1378eV/A,  1 = 1.0775eV/A,  2 = 2.3781eV/A,  3 = 0.8155eV/A,  
4 = 1.4445eV/A,  

##### STEPS: 55 #####

kernel fixed:
Theta = ['1.01e+01', '1.13e+00', '1.99e+02', '1.00e-02', '1.00e-05', '1.18e+00']

Timing:
Training    Relax pop.  Make cands.    Relax cands.    Evaluate    
2.17e-01    5.75e+00    1.08e+01       2.43e+02        1.68e+00    

Prediction:
energy = 39.32879eV,  energy_std = 1.40457eV
E_true:
0 = 39.1150eV,  1 = 38.9989eV,  

Energy of population:
0 = 38.7272eV,  1 = 38.8480eV,  2 = 38.8866eV,  3 = 38.9886eV,  
4 = 38.9989eV,  
Max force of ML-relaxed population:
0 = 1.1007eV/A,  1 = 1.1323eV/A,  2 = 2.0021eV/A,  3 = 0.8135eV/A,  
4 = 1.3469eV/A,  

##### STEPS: 56 #####

kernel fixed:
Theta = ['1.01e+01', '1.13e+00', '1.99e+02', '1.00e-02', '1.00e-05', '1.18e+00']

Timing:
Training    Relax pop.  Make cands.    Relax cands.    Evaluate    
2.24e-01    5.77e+00    1.20e+01       2.52e+02        1.67e+00    

Prediction:
energy = 39.17798eV,  energy_std = 0.56226eV
E_true:
0 = 39.1552eV,  1 = 39.1078eV,  

Energy of population:
0 = 38.7272eV,  1 = 38.8480eV,  2 = 38.8866eV,  3 = 38.9886eV,  
4 = 38.9989eV,  
Max force of ML-relaxed population:
0 = 1.1685eV/A,  1 = 1.0890eV/A,  2 = 2.0056eV/A,  3 = 0.8161eV/A,  
4 = 2.0262eV/A,  

##### STEPS: 57 #####

kernel fixed:
Theta = ['1.01e+01', '1.13e+00', '1.99e+02', '1.00e-02', '1.00e-05', '1.18e+00']

Timing:
Training    Relax pop.  Make cands.    Relax cands.    Evaluate    
2.32e-01    5.80e+00    9.49e+00       3.02e+02        1.67e+00    

Prediction:
energy = 39.35957eV,  energy_std = 1.34999eV
E_true:
0 = 39.3771eV,  1 = 39.3534eV,  

Energy of population:
0 = 38.7272eV,  1 = 38.8480eV,  2 = 38.8866eV,  3 = 38.9886eV,  
4 = 38.9989eV,  
Max force of ML-relaxed population:
0 = 1.0496eV/A,  1 = 1.1282eV/A,  2 = 2.0498eV/A,  3 = 0.8012eV/A,  
4 = 1.9892eV/A,  

##### STEPS: 58 #####

kernel fixed:
Theta = ['1.01e+01', '1.13e+00', '1.99e+02', '1.00e-02', '1.00e-05', '1.18e+00']

Timing:
Training    Relax pop.  Make cands.    Relax cands.    Evaluate    
2.39e-01    5.82e+00    8.72e+00       2.60e+02        1.65e+00    

Prediction:
energy = 39.69349eV,  energy_std = 1.11303eV
E_true:
0 = 40.5806eV,  1 = 40.2498eV,  

Energy of population:
0 = 38.7272eV,  1 = 38.8480eV,  2 = 38.8866eV,  3 = 38.9886eV,  
4 = 38.9989eV,  
Max force of ML-relaxed population:
0 = 1.0433eV/A,  1 = 1.1250eV/A,  2 = 2.0645eV/A,  3 = 0.8013eV/A,  
4 = 1.9722eV/A,  

##### STEPS: 59 #####

kernel fixed:
Theta = ['1.01e+01', '1.13e+00', '1.99e+02', '1.00e-02', '1.00e-05', '1.18e+00']

Timing:
Training    Relax pop.  Make cands.    Relax cands.    Evaluate    
2.58e-01    5.83e+00    9.32e+00       1.94e+02        1.69e+00    

Prediction:
energy = 38.66437eV,  energy_std = 0.48429eV
E_true:
0 = 39.1488eV,  1 = 38.9683eV,  

Energy of population:
0 = 38.7272eV,  1 = 38.8480eV,  2 = 38.8866eV,  3 = 38.9683eV,  
4 = 38.9886eV,  
Max force of ML-relaxed population:
0 = 1.1179eV/A,  1 = 1.0605eV/A,  2 = 1.6973eV/A,  3 = 0.7919eV/A,  
4 = 1.9451eV/A,  

##### STEPS: 60 #####

lml: -13.789825350675855
kernel optimized:
Theta = ['1.00e+01', '1.23e+00', '1.99e+02', '1.00e-02', '1.00e-05', '1.53e+00']

Timing:
Training    Relax pop.  Make cands.    Relax cands.    Evaluate    
1.94e+01    5.30e+00    1.12e+01       2.04e+02        1.66e+00    

Prediction:
energy = 39.82377eV,  energy_std = 0.79580eV
E_true:
0 = 39.7867eV,  1 = 39.6551eV,  

Energy of population:
0 = 38.7272eV,  1 = 38.8480eV,  2 = 38.8866eV,  3 = 38.9683eV,  
4 = 38.9886eV,  
Max force of ML-relaxed population:
0 = 1.0502eV/A,  1 = 1.1725eV/A,  2 = 1.5651eV/A,  3 = 1.8115eV/A,  
4 = 0.8213eV/A,  

##### STEPS: 61 #####

kernel fixed:
Theta = ['1.00e+01', '1.23e+00', '1.99e+02', '1.00e-02', '1.00e-05', '1.53e+00']

Timing:
Training    Relax pop.  Make cands.    Relax cands.    Evaluate    
2.61e-01    5.29e+00    9.00e+00       2.28e+02        1.66e+00    

Prediction:
energy = 38.74903eV,  energy_std = 0.55430eV
E_true:
0 = 39.2324eV,  1 = 39.2066eV,  

Energy of population:
0 = 38.7272eV,  1 = 38.8480eV,  2 = 38.8866eV,  3 = 38.9683eV,  
4 = 38.9886eV,  
Max force of ML-relaxed population:
0 = 1.0170eV/A,  1 = 1.2067eV/A,  2 = 1.5875eV/A,  3 = 1.7997eV/A,  
4 = 0.8365eV/A,  

##### STEPS: 62 #####

kernel fixed:
Theta = ['1.00e+01', '1.23e+00', '1.99e+02', '1.00e-02', '1.00e-05', '1.53e+00']

Timing:
Training    Relax pop.  Make cands.    Relax cands.    Evaluate    
2.69e-01    5.34e+00    1.04e+01       2.09e+02        1.66e+00    

Prediction:
energy = 39.10047eV,  energy_std = 0.75002eV
E_true:
0 = 39.7556eV,  1 = 39.7058eV,  

Energy of population:
0 = 38.7272eV,  1 = 38.8480eV,  2 = 38.8866eV,  3 = 38.9683eV,  
4 = 38.9886eV,  
Max force of ML-relaxed population:
0 = 0.9833eV/A,  1 = 1.2514eV/A,  2 = 1.5942eV/A,  3 = 1.8263eV/A,  
4 = 0.8933eV/A,  

##### STEPS: 63 #####

kernel fixed:
Theta = ['1.00e+01', '1.23e+00', '1.99e+02', '1.00e-02', '1.00e-05', '1.53e+00']

Timing:
Training    Relax pop.  Make cands.    Relax cands.    Evaluate    
2.84e-01    5.38e+00    1.20e+01       2.44e+02        1.67e+00    

Prediction:
energy = 39.29022eV,  energy_std = 0.94866eV
E_true:
0 = 39.4354eV,  1 = 39.4348eV,  

Energy of population:
0 = 38.7272eV,  1 = 38.8480eV,  2 = 38.8866eV,  3 = 38.9683eV,  
4 = 38.9886eV,  
Max force of ML-relaxed population:
0 = 0.9659eV/A,  1 = 1.2485eV/A,  2 = 1.6135eV/A,  3 = 1.8329eV/A,  
4 = 0.9077eV/A,  

##### STEPS: 64 #####

kernel fixed:
Theta = ['1.00e+01', '1.23e+00', '1.99e+02', '1.00e-02', '1.00e-05', '1.53e+00']

Timing:
Training    Relax pop.  Make cands.    Relax cands.    Evaluate    
2.94e-01    5.37e+00    1.07e+01       2.60e+02        1.65e+00    

Prediction:
energy = 39.29018eV,  energy_std = 0.35641eV
E_true:
0 = 39.4722eV,  1 = 39.4709eV,  

Energy of population:
0 = 38.7272eV,  1 = 38.8480eV,  2 = 38.8866eV,  3 = 38.9683eV,  
4 = 38.9886eV,  
Max force of ML-relaxed population:
0 = 0.8982eV/A,  1 = 1.3385eV/A,  2 = 1.5515eV/A,  3 = 1.8845eV/A,  
4 = 0.8931eV/A,  

##### STEPS: 65 #####

kernel fixed:
Theta = ['1.00e+01', '1.23e+00', '1.99e+02', '1.00e-02', '1.00e-05', '1.53e+00']

Timing:
Training    Relax pop.  Make cands.    Relax cands.    Evaluate    
2.93e-01    5.28e+00    1.01e+01       2.31e+02        1.69e+00    

Prediction:
energy = 39.51107eV,  energy_std = 1.14031eV
E_true:
0 = 39.4186eV,  1 = 39.1210eV,  

Energy of population:
0 = 38.7272eV,  1 = 38.8480eV,  2 = 38.8866eV,  3 = 38.9683eV,  
4 = 38.9886eV,  
Max force of ML-relaxed population:
0 = 0.8977eV/A,  1 = 1.3499eV/A,  2 = 1.5543eV/A,  3 = 1.8989eV/A,  
4 = 0.9492eV/A,  

##### STEPS: 66 #####

kernel fixed:
Theta = ['1.00e+01', '1.23e+00', '1.99e+02', '1.00e-02', '1.00e-05', '1.53e+00']

Timing:
Training    Relax pop.  Make cands.    Relax cands.    Evaluate    
3.01e-01    5.29e+00    9.78e+00       2.08e+02        1.68e+00    

Prediction:
energy = 39.35087eV,  energy_std = 0.65508eV
E_true:
0 = 40.4118eV,  1 = 40.1316eV,  

Energy of population:
0 = 38.7272eV,  1 = 38.8480eV,  2 = 38.8866eV,  3 = 38.9683eV,  
4 = 38.9886eV,  
Max force of ML-relaxed population:
0 = 0.9368eV/A,  1 = 1.2879eV/A,  2 = 1.5411eV/A,  3 = 1.9219eV/A,  
4 = 0.8172eV/A,  

##### STEPS: 67 #####

kernel fixed:
Theta = ['1.00e+01', '1.23e+00', '1.99e+02', '1.00e-02', '1.00e-05', '1.53e+00']

Timing:
Training    Relax pop.  Make cands.    Relax cands.    Evaluate    
3.10e-01    5.32e+00    9.55e+00       2.07e+02        1.65e+00    

Prediction:
energy = 39.47921eV,  energy_std = 0.47472eV
E_true:
0 = 39.6022eV,  1 = 39.5330eV,  

Energy of population:
0 = 38.7272eV,  1 = 38.8480eV,  2 = 38.8866eV,  3 = 38.9683eV,  
4 = 38.9886eV,  
Max force of ML-relaxed population:
0 = 0.9489eV/A,  1 = 1.1529eV/A,  2 = 1.5158eV/A,  3 = 1.9121eV/A,  
4 = 0.7774eV/A,  

##### STEPS: 68 #####

kernel fixed:
Theta = ['1.00e+01', '1.23e+00', '1.99e+02', '1.00e-02', '1.00e-05', '1.53e+00']

Timing:
Training    Relax pop.  Make cands.    Relax cands.    Evaluate    
3.18e-01    5.29e+00    1.09e+01       2.41e+02        1.69e+00    

Prediction:
energy = 39.05760eV,  energy_std = 0.69278eV
E_true:
0 = 38.8831eV,  1 = 38.8513eV,  

Energy of population:
0 = 38.7272eV,  1 = 38.8480eV,  2 = 38.8513eV,  3 = 38.8866eV,  
4 = 38.9683eV,  
Max force of ML-relaxed population:
0 = 0.9637eV/A,  1 = 1.1606eV/A,  2 = 1.5056eV/A,  3 = 1.9026eV/A,  
4 = 0.7980eV/A,  

##### STEPS: 69 #####

kernel fixed:
Theta = ['1.00e+01', '1.23e+00', '1.99e+02', '1.00e-02', '1.00e-05', '1.53e+00']

Timing:
Training    Relax pop.  Make cands.    Relax cands.    Evaluate    
3.26e-01    5.28e+00    8.84e+00       2.26e+02        1.68e+00    

Prediction:
energy = 39.15094eV,  energy_std = 0.64924eV
E_true:
0 = 39.0452eV,  1 = 38.9986eV,  

Energy of population:
0 = 38.7272eV,  1 = 38.8480eV,  2 = 38.8513eV,  3 = 38.8866eV,  
4 = 38.9683eV,  
Max force of ML-relaxed population:
0 = 0.8964eV/A,  1 = 1.2446eV/A,  2 = 1.0743eV/A,  3 = 1.4943eV/A,  
4 = 1.8843eV/A,  

##### STEPS: 70 #####

lml: 0.7411530210018782
kernel optimized:
Theta = ['1.00e+01', '1.23e+00', '1.99e+02', '1.00e-02', '1.00e-05', '1.42e+00']

Timing:
Training    Relax pop.  Make cands.    Relax cands.    Evaluate    
6.01e+01    5.30e+00    8.14e+00       2.03e+02        1.67e+00    

Prediction:
energy = 39.06249eV,  energy_std = 0.44978eV
E_true:
0 = 39.3803eV,  1 = 39.3493eV,  

Energy of population:
0 = 38.7272eV,  1 = 38.8480eV,  2 = 38.8513eV,  3 = 38.8866eV,  
4 = 38.9683eV,  
Max force of ML-relaxed population:
0 = 0.9397eV/A,  1 = 1.2833eV/A,  2 = 1.0737eV/A,  3 = 1.5270eV/A,  
4 = 1.8402eV/A,  

##### STEPS: 71 #####

kernel fixed:
Theta = ['1.00e+01', '1.23e+00', '1.99e+02', '1.00e-02', '1.00e-05', '1.42e+00']

Timing:
Training    Relax pop.  Make cands.    Relax cands.    Evaluate    
3.44e-01    5.30e+00    1.08e+01       3.09e+02        1.68e+00    

Prediction:
energy = 39.11259eV,  energy_std = 0.38182eV
E_true:
0 = 39.6756eV,  1 = 39.4864eV,  

Energy of population:
0 = 38.7272eV,  1 = 38.8480eV,  2 = 38.8513eV,  3 = 38.8866eV,  
4 = 38.9683eV,  
Max force of ML-relaxed population:
0 = 0.9328eV/A,  1 = 1.3164eV/A,  2 = 1.0277eV/A,  3 = 1.5300eV/A,  
4 = 1.8426eV/A,  

##### STEPS: 72 #####

kernel fixed:
Theta = ['1.00e+01', '1.23e+00', '1.99e+02', '1.00e-02', '1.00e-05', '1.42e+00']

Timing:
Training    Relax pop.  Make cands.    Relax cands.    Evaluate    
3.55e-01    5.35e+00    9.96e+00       2.24e+02        1.67e+00    

Prediction:
energy = 39.23202eV,  energy_std = 0.41803eV
E_true:
0 = 39.3851eV,  1 = 39.3801eV,  

Energy of population:
0 = 38.7272eV,  1 = 38.8480eV,  2 = 38.8513eV,  3 = 38.8866eV,  
4 = 38.9683eV,  
Max force of ML-relaxed population:
0 = 1.1428eV/A,  1 = 1.5091eV/A,  2 = 1.1732eV/A,  3 = 1.4658eV/A,  
4 = 1.8036eV/A,  

##### STEPS: 73 #####

kernel fixed:
Theta = ['1.00e+01', '1.23e+00', '1.99e+02', '1.00e-02', '1.00e-05', '1.42e+00']

Timing:
Training    Relax pop.  Make cands.    Relax cands.    Evaluate    
3.75e-01    5.42e+00    9.20e+00       2.20e+02        1.65e+00    

Prediction:
energy = 38.85088eV,  energy_std = 0.36315eV
E_true:
0 = 39.4561eV,  1 = 39.4531eV,  

Energy of population:
0 = 38.7272eV,  1 = 38.8480eV,  2 = 38.8513eV,  3 = 38.8866eV,  
4 = 38.9683eV,  
Max force of ML-relaxed population:
0 = 1.1612eV/A,  1 = 1.5478eV/A,  2 = 1.1331eV/A,  3 = 1.4181eV/A,  
4 = 1.7594eV/A,  

##### STEPS: 74 #####

kernel fixed:
Theta = ['1.00e+01', '1.23e+00', '1.99e+02', '1.00e-02', '1.00e-05', '1.42e+00']

Timing:
Training    Relax pop.  Make cands.    Relax cands.    Evaluate    
3.82e-01    5.37e+00    9.34e+00       2.64e+02        1.70e+00    

Prediction:
energy = 39.06650eV,  energy_std = 0.72768eV
E_true:
0 = 39.4883eV,  1 = 39.1063eV,  

Energy of population:
0 = 38.7272eV,  1 = 38.8480eV,  2 = 38.8513eV,  3 = 38.8866eV,  
4 = 38.9683eV,  
Max force of ML-relaxed population:
0 = 1.1810eV/A,  1 = 1.5498eV/A,  2 = 1.1440eV/A,  3 = 1.4371eV/A,  
4 = 1.7481eV/A,  

##### STEPS: 75 #####

kernel fixed:
Theta = ['1.00e+01', '1.23e+00', '1.99e+02', '1.00e-02', '1.00e-05', '1.42e+00']

Timing:
Training    Relax pop.  Make cands.    Relax cands.    Evaluate    
3.90e-01    5.37e+00    9.20e+00       2.29e+02        1.68e+00    

Prediction:
energy = 38.59634eV,  energy_std = 0.51833eV
E_true:
0 = 39.0796eV,  1 = 39.0783eV,  

Energy of population:
0 = 38.7272eV,  1 = 38.8480eV,  2 = 38.8513eV,  3 = 38.8866eV,  
4 = 38.9683eV,  
Max force of ML-relaxed population:
0 = 1.1500eV/A,  1 = 1.5324eV/A,  2 = 1.0263eV/A,  3 = 1.4223eV/A,  
4 = 1.7723eV/A,  

##### STEPS: 76 #####

kernel fixed:
Theta = ['1.00e+01', '1.23e+00', '1.99e+02', '1.00e-02', '1.00e-05', '1.42e+00']

Timing:
Training    Relax pop.  Make cands.    Relax cands.    Evaluate    
4.01e-01    5.51e+00    9.18e+00       1.58e+02        1.67e+00    

Prediction:
energy = 38.58966eV,  energy_std = 0.99193eV
E_true:
0 = 40.9684eV,  1 = 40.9089eV,  

Energy of population:
0 = 38.7272eV,  1 = 38.8480eV,  2 = 38.8513eV,  3 = 38.8866eV,  
4 = 38.9683eV,  
Max force of ML-relaxed population:
0 = 1.1810eV/A,  1 = 1.5226eV/A,  2 = 0.9840eV/A,  3 = 1.4658eV/A,  
4 = 1.7647eV/A,  

##### STEPS: 77 #####

kernel fixed:
Theta = ['1.00e+01', '1.23e+00', '1.99e+02', '1.00e-02', '1.00e-05', '1.42e+00']

Timing:
Training    Relax pop.  Make cands.    Relax cands.    Evaluate    
3.99e-01    5.30e+00    9.54e+00       1.59e+02        1.68e+00    

Prediction:
energy = 39.32472eV,  energy_std = 0.46118eV
E_true:
0 = 39.1889eV,  1 = 39.1862eV,  

Energy of population:
0 = 38.7272eV,  1 = 38.8480eV,  2 = 38.8513eV,  3 = 38.8866eV,  
4 = 38.9683eV,  
Max force of ML-relaxed population:
0 = 1.1733eV/A,  1 = 1.5451eV/A,  2 = 0.9871eV/A,  3 = 1.4876eV/A,  
4 = 1.7560eV/A,  

##### STEPS: 78 #####

kernel fixed:
Theta = ['1.00e+01', '1.23e+00', '1.99e+02', '1.00e-02', '1.00e-05', '1.42e+00']

Timing:
Training    Relax pop.  Make cands.    Relax cands.    Evaluate    
4.08e-01    5.30e+00    1.01e+01       2.13e+02        1.65e+00    

Prediction:
energy = 38.79725eV,  energy_std = 0.76769eV
E_true:
0 = 39.4593eV,  1 = 39.4529eV,  

Energy of population:
0 = 38.7272eV,  1 = 38.8480eV,  2 = 38.8513eV,  3 = 38.8866eV,  
4 = 38.9683eV,  
Max force of ML-relaxed population:
0 = 1.1866eV/A,  1 = 1.5574eV/A,  2 = 0.9667eV/A,  3 = 1.4752eV/A,  
4 = 1.7460eV/A,  

##### STEPS: 79 #####

kernel fixed:
Theta = ['1.00e+01', '1.23e+00', '1.99e+02', '1.00e-02', '1.00e-05', '1.42e+00']

Timing:
Training    Relax pop.  Make cands.    Relax cands.    Evaluate    
4.17e-01    5.31e+00    1.05e+01       2.68e+02        1.67e+00    

Prediction:
energy = 38.88439eV,  energy_std = 0.56860eV
E_true:
0 = 39.2803eV,  1 = 39.1748eV,  

Energy of population:
0 = 38.7272eV,  1 = 38.8480eV,  2 = 38.8513eV,  3 = 38.8866eV,  
4 = 38.9683eV,  
Max force of ML-relaxed population:
0 = 1.2108eV/A,  1 = 1.5556eV/A,  2 = 0.9812eV/A,  3 = 1.5125eV/A,  
4 = 1.7403eV/A,  

##### STEPS: 80 #####

lml: 20.858194578946268
kernel optimized:
Theta = ['1.00e+01', '1.26e+00', '1.99e+02', '1.00e-02', '1.00e-05', '1.42e+00']

Timing:
Training    Relax pop.  Make cands.    Relax cands.    Evaluate    
3.29e+01    5.29e+00    1.04e+01       2.08e+02        1.66e+00    

Prediction:
energy = 39.26373eV,  energy_std = 0.59790eV
E_true:
0 = 39.4470eV,  1 = 39.4470eV,  

Energy of population:
0 = 38.7272eV,  1 = 38.8480eV,  2 = 38.8513eV,  3 = 38.8866eV,  
4 = 38.9683eV,  
Max force of ML-relaxed population:
0 = 1.2107eV/A,  1 = 1.5346eV/A,  2 = 0.9873eV/A,  3 = 1.5186eV/A,  
4 = 1.7772eV/A,  

##### STEPS: 81 #####

kernel fixed:
Theta = ['1.00e+01', '1.26e+00', '1.99e+02', '1.00e-02', '1.00e-05', '1.42e+00']

Timing:
Training    Relax pop.  Make cands.    Relax cands.    Evaluate    
4.38e-01    5.31e+00    9.63e+00       2.49e+02        1.63e+00    

Prediction:
energy = 39.07151eV,  energy_std = 0.50360eV
E_true:
0 = 39.4795eV,  1 = 39.4721eV,  

Energy of population:
0 = 38.7272eV,  1 = 38.8480eV,  2 = 38.8513eV,  3 = 38.8866eV,  
4 = 38.9683eV,  
Max force of ML-relaxed population:
0 = 1.1859eV/A,  1 = 1.5206eV/A,  2 = 1.0485eV/A,  3 = 1.5564eV/A,  
4 = 1.7818eV/A,  

##### STEPS: 82 #####

kernel fixed:
Theta = ['1.00e+01', '1.26e+00', '1.99e+02', '1.00e-02', '1.00e-05', '1.42e+00']

Timing:
Training    Relax pop.  Make cands.    Relax cands.    Evaluate    
4.46e-01    5.30e+00    1.02e+01       2.52e+02        1.67e+00    

Prediction:
energy = 38.78812eV,  energy_std = 0.51834eV
E_true:
0 = 39.4843eV,  1 = 39.4681eV,  

Energy of population:
0 = 38.7272eV,  1 = 38.8480eV,  2 = 38.8513eV,  3 = 38.8866eV,  
4 = 38.9683eV,  
Max force of ML-relaxed population:
0 = 1.1939eV/A,  1 = 1.5156eV/A,  2 = 1.0516eV/A,  3 = 1.5860eV/A,  
4 = 1.7920eV/A,  

##### STEPS: 83 #####

kernel fixed:
Theta = ['1.00e+01', '1.26e+00', '1.99e+02', '1.00e-02', '1.00e-05', '1.42e+00']

Timing:
Training    Relax pop.  Make cands.    Relax cands.    Evaluate    
4.59e-01    5.32e+00    9.47e+00       2.58e+02        1.68e+00    

Prediction:
energy = 40.18588eV,  energy_std = 1.61777eV
E_true:
0 = 39.3162eV,  1 = 39.1843eV,  

Energy of population:
0 = 38.7272eV,  1 = 38.8480eV,  2 = 38.8513eV,  3 = 38.8866eV,  
4 = 38.9683eV,  
Max force of ML-relaxed population:
0 = 1.1858eV/A,  1 = 1.5276eV/A,  2 = 1.0390eV/A,  3 = 1.5940eV/A,  
4 = 1.7992eV/A,  

##### STEPS: 84 #####

kernel fixed:
Theta = ['1.00e+01', '1.26e+00', '1.99e+02', '1.00e-02', '1.00e-05', '1.42e+00']

Timing:
Training    Relax pop.  Make cands.    Relax cands.    Evaluate    
4.68e-01    5.32e+00    8.85e+00       2.21e+02        1.69e+00    

Prediction:
energy = 39.15276eV,  energy_std = 0.58835eV
E_true:
0 = 39.0382eV,  1 = 38.9458eV,  

Energy of population:
0 = 38.7272eV,  1 = 38.8480eV,  2 = 38.8513eV,  3 = 38.8866eV,  
4 = 38.9458eV,  
Max force of ML-relaxed population:
0 = 1.2647eV/A,  1 = 1.5020eV/A,  2 = 1.0427eV/A,  3 = 1.5895eV/A,  
4 = 1.7569eV/A,  

##### STEPS: 85 #####

kernel fixed:
Theta = ['1.00e+01', '1.26e+00', '1.99e+02', '1.00e-02', '1.00e-05', '1.42e+00']

Timing:
Training    Relax pop.  Make cands.    Relax cands.    Evaluate    
4.77e-01    5.30e+00    9.08e+00       1.85e+02        1.68e+00    

Prediction:
energy = 38.82746eV,  energy_std = 0.68684eV
E_true:
0 = 39.2599eV,  1 = 39.2402eV,  

Energy of population:
0 = 38.7272eV,  1 = 38.8480eV,  2 = 38.8513eV,  3 = 38.8866eV,  
4 = 38.9458eV,  
Max force of ML-relaxed population:
0 = 1.2655eV/A,  1 = 1.4727eV/A,  2 = 1.0209eV/A,  3 = 1.5534eV/A,  
4 = 1.5234eV/A,  

##### STEPS: 86 #####

kernel fixed:
Theta = ['1.00e+01', '1.26e+00', '1.99e+02', '1.00e-02', '1.00e-05', '1.42e+00']

Timing:
Training    Relax pop.  Make cands.    Relax cands.    Evaluate    
4.91e-01    5.37e+00    8.70e+00       2.51e+02        1.67e+00    

Prediction:
energy = 39.19849eV,  energy_std = 0.57658eV
E_true:
0 = 39.0325eV,  1 = 39.0035eV,  

Energy of population:
0 = 38.7272eV,  1 = 38.8480eV,  2 = 38.8513eV,  3 = 38.8866eV,  
4 = 38.9458eV,  
Max force of ML-relaxed population:
0 = 1.2461eV/A,  1 = 1.4567eV/A,  2 = 1.0086eV/A,  3 = 1.5354eV/A,  
4 = 1.5377eV/A,  

##### STEPS: 87 #####

kernel fixed:
Theta = ['1.00e+01', '1.26e+00', '1.99e+02', '1.00e-02', '1.00e-05', '1.42e+00']

Timing:
Training    Relax pop.  Make cands.    Relax cands.    Evaluate    
5.12e-01    5.45e+00    1.01e+01       2.08e+02        1.67e+00    

Prediction:
energy = 38.73491eV,  energy_std = 0.43630eV
E_true:
0 = 39.1720eV,  1 = 39.0109eV,  

Energy of population:
0 = 38.7272eV,  1 = 38.8480eV,  2 = 38.8513eV,  3 = 38.8866eV,  
4 = 38.9458eV,  
Max force of ML-relaxed population:
0 = 1.3002eV/A,  1 = 1.3956eV/A,  2 = 0.9997eV/A,  3 = 1.6011eV/A,  
4 = 1.6704eV/A,  

##### STEPS: 88 #####

kernel fixed:
Theta = ['1.00e+01', '1.26e+00', '1.99e+02', '1.00e-02', '1.00e-05', '1.42e+00']

Timing:
Training    Relax pop.  Make cands.    Relax cands.    Evaluate    
5.11e-01    5.32e+00    1.05e+01       2.00e+02        1.68e+00    

Prediction:
energy = 38.72906eV,  energy_std = 0.00957eV
E_true:
0 = 38.7272eV,  1 = 38.7135eV,  

Energy of population:
0 = 38.7135eV,  1 = 38.7272eV,  2 = 38.8480eV,  3 = 38.8513eV,  
4 = 38.8866eV,  
Max force of ML-relaxed population:
0 = 1.4635eV/A,  1 = 1.3314eV/A,  2 = 0.9483eV/A,  3 = 1.5054eV/A,  
4 = 1.6259eV/A,  

##### STEPS: 89 #####

kernel fixed:
Theta = ['1.00e+01', '1.26e+00', '1.99e+02', '1.00e-02', '1.00e-05', '1.42e+00']

Timing:
Training    Relax pop.  Make cands.    Relax cands.    Evaluate    
5.21e-01    5.30e+00    9.79e+00       2.57e+02        1.66e+00    

Prediction:
energy = 39.01015eV,  energy_std = 0.42109eV
E_true:
0 = 39.3346eV,  1 = 39.1487eV,  

Energy of population:
0 = 38.7135eV,  1 = 38.7272eV,  2 = 38.8480eV,  3 = 38.8513eV,  
4 = 38.8866eV,  
Max force of ML-relaxed population:
0 = 1.4683eV/A,  1 = 1.5150eV/A,  2 = 1.3156eV/A,  3 = 0.9291eV/A,  
4 = 1.4920eV/A,  

##### STEPS: 90 #####

lml: 43.74604403633833
kernel optimized:
Theta = ['1.00e+01', '1.28e+00', '1.99e+02', '1.00e-02', '1.00e-05', '1.37e+00']

Timing:
Training    Relax pop.  Make cands.    Relax cands.    Evaluate    
3.81e+01    5.31e+00    9.19e+00       2.55e+02        1.68e+00    

Prediction:
energy = 38.82501eV,  energy_std = 0.41290eV
E_true:
0 = 39.1731eV,  1 = 39.1212eV,  

Energy of population:
0 = 38.7135eV,  1 = 38.7272eV,  2 = 38.8480eV,  3 = 38.8513eV,  
4 = 38.8866eV,  
Max force of ML-relaxed population:
0 = 1.5232eV/A,  1 = 1.5653eV/A,  2 = 1.2871eV/A,  3 = 0.9274eV/A,  
4 = 1.5796eV/A,  

##### STEPS: 91 #####

kernel fixed:
Theta = ['1.00e+01', '1.28e+00', '1.99e+02', '1.00e-02', '1.00e-05', '1.37e+00']

Timing:
Training    Relax pop.  Make cands.    Relax cands.    Evaluate    
5.46e-01    5.34e+00    9.27e+00       2.93e+02        1.68e+00    

Prediction:
energy = 38.47274eV,  energy_std = 0.65354eV
E_true:
0 = 38.9233eV,  1 = 38.8659eV,  

Energy of population:
0 = 38.7135eV,  1 = 38.7272eV,  2 = 38.8480eV,  3 = 38.8513eV,  
4 = 38.8659eV,  
Max force of ML-relaxed population:
0 = 1.5024eV/A,  1 = 1.5508eV/A,  2 = 1.3699eV/A,  3 = 0.8097eV/A,  
4 = 1.7167eV/A,  

##### STEPS: 92 #####

kernel fixed:
Theta = ['1.00e+01', '1.28e+00', '1.99e+02', '1.00e-02', '1.00e-05', '1.37e+00']

Timing:
Training    Relax pop.  Make cands.    Relax cands.    Evaluate    
5.55e-01    5.33e+00    1.06e+01       2.60e+02        1.65e+00    

Prediction:
energy = 38.76960eV,  energy_std = 0.47878eV
E_true:
0 = 39.1931eV,  1 = 39.1915eV,  

Energy of population:
0 = 38.7135eV,  1 = 38.7272eV,  2 = 38.8480eV,  3 = 38.8513eV,  
4 = 38.8659eV,  
Max force of ML-relaxed population:
0 = 1.4514eV/A,  1 = 1.4977eV/A,  2 = 1.4413eV/A,  3 = 0.7514eV/A,  
4 = 0.7948eV/A,  

##### STEPS: 93 #####

kernel fixed:
Theta = ['1.00e+01', '1.28e+00', '1.99e+02', '1.00e-02', '1.00e-05', '1.37e+00']

Timing:
Training    Relax pop.  Make cands.    Relax cands.    Evaluate    
5.64e-01    5.34e+00    8.34e+00       1.85e+02        1.68e+00    

Prediction:
energy = 39.23810eV,  energy_std = 0.54455eV
E_true:
0 = 39.5070eV,  1 = 39.4786eV,  

Energy of population:
0 = 38.7135eV,  1 = 38.7272eV,  2 = 38.8480eV,  3 = 38.8513eV,  
4 = 38.8659eV,  
Max force of ML-relaxed population:
0 = 1.4602eV/A,  1 = 1.5062eV/A,  2 = 1.4744eV/A,  3 = 0.7649eV/A,  
4 = 0.7967eV/A,  

##### STEPS: 94 #####

kernel fixed:
Theta = ['1.00e+01', '1.28e+00', '1.99e+02', '1.00e-02', '1.00e-05', '1.37e+00']

Timing:
Training    Relax pop.  Make cands.    Relax cands.    Evaluate    
5.77e-01    5.32e+00    9.59e+00       2.70e+02        1.69e+00    

Prediction:
energy = 38.75236eV,  energy_std = 0.43885eV
E_true:
0 = 39.0845eV,  1 = 39.0447eV,  

Energy of population:
0 = 38.7135eV,  1 = 38.7272eV,  2 = 38.8480eV,  3 = 38.8513eV,  
4 = 38.8659eV,  
Max force of ML-relaxed population:
0 = 1.4579eV/A,  1 = 1.5035eV/A,  2 = 1.4908eV/A,  3 = 0.7581eV/A,  
4 = 0.7922eV/A,  

##### STEPS: 95 #####

kernel fixed:
Theta = ['1.00e+01', '1.28e+00', '1.99e+02', '1.00e-02', '1.00e-05', '1.37e+00']

Timing:
Training    Relax pop.  Make cands.    Relax cands.    Evaluate    
5.89e-01    5.32e+00    9.66e+00       2.43e+02        1.67e+00    

Prediction:
energy = 38.70719eV,  energy_std = 0.44425eV
E_true:
0 = 39.3040eV,  1 = 39.2917eV,  

Energy of population:
0 = 38.7135eV,  1 = 38.7272eV,  2 = 38.8480eV,  3 = 38.8513eV,  
4 = 38.8659eV,  
Max force of ML-relaxed population:
0 = 1.4555eV/A,  1 = 1.5007eV/A,  2 = 1.4990eV/A,  3 = 0.7399eV/A,  
4 = 0.8284eV/A,  

##### STEPS: 96 #####

kernel fixed:
Theta = ['1.00e+01', '1.28e+00', '1.99e+02', '1.00e-02', '1.00e-05', '1.37e+00']

Timing:
Training    Relax pop.  Make cands.    Relax cands.    Evaluate    
6.03e-01    5.35e+00    8.38e+00       2.37e+02        1.68e+00    

Prediction:
energy = 38.99164eV,  energy_std = 0.35868eV
E_true:
0 = 39.0823eV,  1 = 39.0794eV,  

Energy of population:
0 = 38.7135eV,  1 = 38.7272eV,  2 = 38.8480eV,  3 = 38.8513eV,  
4 = 38.8659eV,  
Max force of ML-relaxed population:
0 = 1.4653eV/A,  1 = 1.5104eV/A,  2 = 1.5061eV/A,  3 = 0.7348eV/A,  
4 = 0.8389eV/A,  

##### STEPS: 97 #####

kernel fixed:
Theta = ['1.00e+01', '1.28e+00', '1.99e+02', '1.00e-02', '1.00e-05', '1.37e+00']

Timing:
Training    Relax pop.  Make cands.    Relax cands.    Evaluate    
6.18e-01    5.41e+00    1.01e+01       2.49e+02        1.69e+00    

Prediction:
energy = 38.90176eV,  energy_std = 0.37057eV
E_true:
0 = 38.9825eV,  1 = 38.9681eV,  

Energy of population:
0 = 38.7135eV,  1 = 38.7272eV,  2 = 38.8480eV,  3 = 38.8513eV,  
4 = 38.8659eV,  
Max force of ML-relaxed population:
0 = 1.4996eV/A,  1 = 1.5438eV/A,  2 = 1.5070eV/A,  3 = 0.7206eV/A,  
4 = 0.8538eV/A,  

##### STEPS: 98 #####

kernel fixed:
Theta = ['1.00e+01', '1.28e+00', '1.99e+02', '1.00e-02', '1.00e-05', '1.37e+00']

Timing:
Training    Relax pop.  Make cands.    Relax cands.    Evaluate    
6.41e-01    5.44e+00    9.41e+00       2.30e+02        1.65e+00    

Prediction:
energy = 39.14561eV,  energy_std = 0.40849eV
E_true:
0 = 39.2404eV,  1 = 39.2403eV,  

Energy of population:
0 = 38.7135eV,  1 = 38.7272eV,  2 = 38.8480eV,  3 = 38.8513eV,  
4 = 38.8659eV,  
Max force of ML-relaxed population:
0 = 1.5160eV/A,  1 = 1.5590eV/A,  2 = 1.4559eV/A,  3 = 0.7449eV/A,  
4 = 0.8816eV/A,  

##### STEPS: 99 #####

kernel fixed:
Theta = ['1.00e+01', '1.28e+00', '1.99e+02', '1.00e-02', '1.00e-05', '1.37e+00']

Timing:
Training    Relax pop.  Make cands.    Relax cands.    Evaluate    
6.37e-01    5.33e+00    1.05e+01       2.49e+02        1.66e+00    

Prediction:
energy = 39.24217eV,  energy_std = 0.54356eV
E_true:
0 = 39.2869eV,  1 = 39.2679eV,  

Energy of population:
0 = 38.7135eV,  1 = 38.7272eV,  2 = 38.8480eV,  3 = 38.8513eV,  
4 = 38.8659eV,  
Max force of ML-relaxed population:
0 = 1.5169eV/A,  1 = 1.5598eV/A,  2 = 1.4549eV/A,  3 = 0.7456eV/A,  
4 = 0.8691eV/A,  

##### STEPS: 100 #####

lml: 69.97256231599818
kernel optimized:
Theta = ['1.00e+01', '1.30e+00', '1.99e+02', '1.00e-02', '1.00e-05', '1.33e+00']

Timing:
Training    Relax pop.  Make cands.    Relax cands.    Evaluate    
4.64e+01    5.33e+00    9.18e+00       1.75e+02        1.68e+00    

Prediction:
energy = 38.88767eV,  energy_std = 0.93980eV
E_true:
0 = 38.9276eV,  1 = 38.8972eV,  

Energy of population:
0 = 38.7135eV,  1 = 38.7272eV,  2 = 38.8480eV,  3 = 38.8513eV,  
4 = 38.8659eV,  
Max force of ML-relaxed population:
0 = 1.5172eV/A,  1 = 1.5611eV/A,  2 = 1.4456eV/A,  3 = 0.7423eV/A,  
4 = 0.8743eV/A,  

##### STEPS: 101 #####

kernel fixed:
Theta = ['1.00e+01', '1.30e+00', '1.99e+02', '1.00e-02', '1.00e-05', '1.33e+00']

Timing:
Training    Relax pop.  Make cands.    Relax cands.    Evaluate    
6.60e-01    5.34e+00    9.38e+00       2.06e+02        1.67e+00    

Prediction:
energy = 38.76284eV,  energy_std = 0.25813eV
E_true:
0 = 40.6303eV,  1 = 40.4934eV,  

Energy of population:
0 = 38.7135eV,  1 = 38.7272eV,  2 = 38.8480eV,  3 = 38.8513eV,  
4 = 38.8659eV,  
Max force of ML-relaxed population:
0 = 1.5001eV/A,  1 = 1.5431eV/A,  2 = 1.4376eV/A,  3 = 0.7532eV/A,  
4 = 0.9270eV/A,  

##### STEPS: 102 #####

kernel fixed:
Theta = ['1.00e+01', '1.30e+00', '1.99e+02', '1.00e-02', '1.00e-05', '1.33e+00']

Timing:
Training    Relax pop.  Make cands.    Relax cands.    Evaluate    
6.73e-01    5.34e+00    9.96e+00       2.84e+02        1.67e+00    

Prediction:
energy = 39.20392eV,  energy_std = 0.44261eV
E_true:
0 = 39.0970eV,  1 = 39.0845eV,  

Energy of population:
0 = 38.7135eV,  1 = 38.7272eV,  2 = 38.8480eV,  3 = 38.8513eV,  
4 = 38.8659eV,  
Max force of ML-relaxed population:
0 = 1.5036eV/A,  1 = 1.5472eV/A,  2 = 1.4182eV/A,  3 = 0.7467eV/A,  
4 = 0.9258eV/A,  

##### STEPS: 103 #####

kernel fixed:
Theta = ['1.00e+01', '1.30e+00', '1.99e+02', '1.00e-02', '1.00e-05', '1.33e+00']

Timing:
Training    Relax pop.  Make cands.    Relax cands.    Evaluate    
6.83e-01    5.35e+00    9.04e+00       1.50e+02        1.67e+00    

Prediction:
energy = 38.94854eV,  energy_std = 0.58944eV
E_true:
0 = 39.5223eV,  1 = 39.1279eV,  

Energy of population:
0 = 38.7135eV,  1 = 38.7272eV,  2 = 38.8480eV,  3 = 38.8513eV,  
4 = 38.8659eV,  
Max force of ML-relaxed population:
0 = 1.4875eV/A,  1 = 1.5316eV/A,  2 = 1.4447eV/A,  3 = 0.7425eV/A,  
4 = 0.8744eV/A,  

##### STEPS: 104 #####

kernel fixed:
Theta = ['1.00e+01', '1.30e+00', '1.99e+02', '1.00e-02', '1.00e-05', '1.33e+00']

Timing:
Training    Relax pop.  Make cands.    Relax cands.    Evaluate    
6.96e-01    5.34e+00    9.36e+00       2.75e+02        1.68e+00    

Prediction:
energy = 38.83608eV,  energy_std = 0.44508eV
E_true:
0 = 39.1957eV,  1 = 39.1769eV,  

Energy of population:
0 = 38.7135eV,  1 = 38.7272eV,  2 = 38.8480eV,  3 = 38.8513eV,  
4 = 38.8659eV,  
Max force of ML-relaxed population:
0 = 1.5622eV/A,  1 = 1.6072eV/A,  2 = 1.4608eV/A,  3 = 0.7614eV/A,  
4 = 0.9037eV/A,  

##### STEPS: 105 #####

kernel fixed:
Theta = ['1.00e+01', '1.30e+00', '1.99e+02', '1.00e-02', '1.00e-05', '1.33e+00']

Timing:
Training    Relax pop.  Make cands.    Relax cands.    Evaluate    
7.12e-01    5.40e+00    9.54e+00       2.35e+02        1.66e+00    

Prediction:
energy = 38.91025eV,  energy_std = 0.35049eV
E_true:
0 = 40.8448eV,  1 = 40.7598eV,  

Energy of population:
0 = 38.7135eV,  1 = 38.7272eV,  2 = 38.8480eV,  3 = 38.8513eV,  
4 = 38.8659eV,  
Max force of ML-relaxed population:
0 = 1.5707eV/A,  1 = 1.6168eV/A,  2 = 1.4496eV/A,  3 = 0.7582eV/A,  
4 = 0.9020eV/A,  

##### STEPS: 106 #####

kernel fixed:
Theta = ['1.00e+01', '1.30e+00', '1.99e+02', '1.00e-02', '1.00e-05', '1.33e+00']

Timing:
Training    Relax pop.  Make cands.    Relax cands.    Evaluate    
7.29e-01    5.39e+00    1.04e+01       2.99e+02        1.70e+00    

Prediction:
energy = 39.11821eV,  energy_std = 0.65884eV
E_true:
0 = 39.3566eV,  1 = 39.0905eV,  

Energy of population:
0 = 38.7135eV,  1 = 38.7272eV,  2 = 38.8480eV,  3 = 38.8513eV,  
4 = 38.8659eV,  
Max force of ML-relaxed population:
0 = 1.5490eV/A,  1 = 1.5994eV/A,  2 = 1.4993eV/A,  3 = 0.7560eV/A,  
4 = 0.8221eV/A,  

##### STEPS: 107 #####

kernel fixed:
Theta = ['1.00e+01', '1.30e+00', '1.99e+02', '1.00e-02', '1.00e-05', '1.33e+00']

Timing:
Training    Relax pop.  Make cands.    Relax cands.    Evaluate    
7.51e-01    5.45e+00    1.10e+01       2.62e+02        1.69e+00    

Prediction:
energy = 39.13764eV,  energy_std = 0.41606eV
E_true:
0 = 39.2426eV,  1 = 39.1001eV,  

Energy of population:
0 = 38.7135eV,  1 = 38.7272eV,  2 = 38.8480eV,  3 = 38.8513eV,  
4 = 38.8659eV,  
Max force of ML-relaxed population:
0 = 1.5350eV/A,  1 = 1.5849eV/A,  2 = 1.4928eV/A,  3 = 0.7388eV/A,  
4 = 0.8128eV/A,  

##### STEPS: 108 #####

kernel fixed:
Theta = ['1.00e+01', '1.30e+00', '1.99e+02', '1.00e-02', '1.00e-05', '1.33e+00']

Timing:
Training    Relax pop.  Make cands.    Relax cands.    Evaluate    
7.68e-01    5.50e+00    9.11e+00       2.33e+02        1.69e+00    

Prediction:
energy = 39.16290eV,  energy_std = 0.32175eV
E_true:
0 = 38.9798eV,  1 = 38.9614eV,  

Energy of population:
0 = 38.7135eV,  1 = 38.7272eV,  2 = 38.8480eV,  3 = 38.8513eV,  
4 = 38.8659eV,  
Max force of ML-relaxed population:
0 = 1.5307eV/A,  1 = 1.5748eV/A,  2 = 1.4640eV/A,  3 = 0.8505eV/A,  
4 = 0.7971eV/A,  

##### STEPS: 109 #####

kernel fixed:
Theta = ['1.00e+01', '1.30e+00', '1.99e+02', '1.00e-02', '1.00e-05', '1.33e+00']

Timing:
Training    Relax pop.  Make cands.    Relax cands.    Evaluate    
7.79e-01    5.58e+00    9.39e+00       2.17e+02        1.67e+00    

Prediction:
energy = 38.78403eV,  energy_std = 0.44771eV
E_true:
0 = 39.1060eV,  1 = 39.0158eV,  

Energy of population:
0 = 38.7135eV,  1 = 38.7272eV,  2 = 38.8480eV,  3 = 38.8513eV,  
4 = 38.8659eV,  
Max force of ML-relaxed population:
0 = 1.4398eV/A,  1 = 1.4839eV/A,  2 = 1.4451eV/A,  3 = 0.9158eV/A,  
4 = 0.8595eV/A,  

##### STEPS: 110 #####

lml: 83.6941901180827
kernel optimized:
Theta = ['1.00e+01', '1.32e+00', '1.99e+02', '1.00e-02', '1.00e-05', '1.39e+00']

Timing:
Training    Relax pop.  Make cands.    Relax cands.    Evaluate    
5.14e+01    5.34e+00    8.94e+00       3.37e+02        1.68e+00    

Prediction:
energy = 39.06909eV,  energy_std = 0.40996eV
E_true:
0 = 39.0253eV,  1 = 38.9998eV,  

Energy of population:
0 = 38.7135eV,  1 = 38.7272eV,  2 = 38.8480eV,  3 = 38.8513eV,  
4 = 38.8659eV,  
Max force of ML-relaxed population:
0 = 1.3036eV/A,  1 = 1.3355eV/A,  2 = 1.4161eV/A,  3 = 0.9627eV/A,  
4 = 0.8978eV/A,  

##### STEPS: 111 #####

kernel fixed:
Theta = ['1.00e+01', '1.32e+00', '1.99e+02', '1.00e-02', '1.00e-05', '1.39e+00']

Timing:
Training    Relax pop.  Make cands.    Relax cands.    Evaluate    
7.89e-01    5.34e+00    8.13e+00       2.20e+02        1.67e+00    

Prediction:
energy = 39.04946eV,  energy_std = 0.46040eV
E_true:
0 = 40.0613eV,  1 = 39.8181eV,  

Energy of population:
0 = 38.7135eV,  1 = 38.7272eV,  2 = 38.8480eV,  3 = 38.8513eV,  
4 = 38.8659eV,  
Max force of ML-relaxed population:
0 = 1.1090eV/A,  1 = 1.1392eV/A,  2 = 1.4255eV/A,  3 = 0.9834eV/A,  
4 = 0.8667eV/A,  

##### STEPS: 112 #####

kernel fixed:
Theta = ['1.00e+01', '1.32e+00', '1.99e+02', '1.00e-02', '1.00e-05', '1.39e+00']

Timing:
Training    Relax pop.  Make cands.    Relax cands.    Evaluate    
8.01e-01    5.36e+00    1.02e+01       2.90e+02        1.67e+00    

Prediction:
energy = 38.89160eV,  energy_std = 0.53547eV
E_true:
0 = 39.6339eV,  1 = 39.1963eV,  

Energy of population:
0 = 38.7135eV,  1 = 38.7272eV,  2 = 38.8480eV,  3 = 38.8513eV,  
4 = 38.8659eV,  
Max force of ML-relaxed population:
0 = 1.2348eV/A,  1 = 1.2627eV/A,  2 = 1.1865eV/A,  3 = 0.9462eV/A,  
4 = 0.8579eV/A,  

##### STEPS: 113 #####

kernel fixed:
Theta = ['1.00e+01', '1.32e+00', '1.99e+02', '1.00e-02', '1.00e-05', '1.39e+00']

Timing:
Training    Relax pop.  Make cands.    Relax cands.    Evaluate    
8.20e-01    5.37e+00    8.88e+00       1.82e+02        1.67e+00    

Prediction:
energy = 39.05546eV,  energy_std = 0.30569eV
E_true:
0 = 39.6464eV,  1 = 39.5295eV,  

Energy of population:
0 = 38.7135eV,  1 = 38.7272eV,  2 = 38.8480eV,  3 = 38.8513eV,  
4 = 38.8659eV,  
Max force of ML-relaxed population:
0 = 1.2241eV/A,  1 = 1.2516eV/A,  2 = 1.1889eV/A,  3 = 0.9896eV/A,  
4 = 0.8912eV/A,  

##### STEPS: 114 #####

kernel fixed:
Theta = ['1.00e+01', '1.32e+00', '1.99e+02', '1.00e-02', '1.00e-05', '1.39e+00']

Timing:
Training    Relax pop.  Make cands.    Relax cands.    Evaluate    
8.27e-01    5.35e+00    9.40e+00       2.18e+02        1.67e+00    

Prediction:
energy = 38.88199eV,  energy_std = 0.27420eV
E_true:
0 = 39.1772eV,  1 = 39.1595eV,  

Energy of population:
0 = 38.7135eV,  1 = 38.7272eV,  2 = 38.8480eV,  3 = 38.8513eV,  
4 = 38.8659eV,  
Max force of ML-relaxed population:
0 = 1.2113eV/A,  1 = 1.2405eV/A,  2 = 1.1860eV/A,  3 = 1.0142eV/A,  
4 = 0.8950eV/A,  

##### STEPS: 115 #####

kernel fixed:
Theta = ['1.00e+01', '1.32e+00', '1.99e+02', '1.00e-02', '1.00e-05', '1.39e+00']

Timing:
Training    Relax pop.  Make cands.    Relax cands.    Evaluate    
8.43e-01    5.37e+00    9.81e+00       2.42e+02        1.69e+00    

Prediction:
energy = 38.68358eV,  energy_std = 0.31377eV
E_true:
0 = 39.3118eV,  1 = 39.0065eV,  

Energy of population:
0 = 38.7135eV,  1 = 38.7272eV,  2 = 38.8480eV,  3 = 38.8513eV,  
4 = 38.8659eV,  
Max force of ML-relaxed population:
0 = 1.2130eV/A,  1 = 1.2415eV/A,  2 = 1.1923eV/A,  3 = 1.0155eV/A,  
4 = 0.9033eV/A,  

##### STEPS: 116 #####

kernel fixed:
Theta = ['1.00e+01', '1.32e+00', '1.99e+02', '1.00e-02', '1.00e-05', '1.39e+00']

Timing:
Training    Relax pop.  Make cands.    Relax cands.    Evaluate    
8.58e-01    5.37e+00    1.05e+01       2.05e+02        1.68e+00    

Prediction:
energy = 39.13873eV,  energy_std = 0.49457eV
E_true:
0 = 39.0328eV,  1 = 38.9472eV,  

Energy of population:
0 = 38.7135eV,  1 = 38.7272eV,  2 = 38.8480eV,  3 = 38.8513eV,  
4 = 38.8659eV,  
Max force of ML-relaxed population:
0 = 1.1775eV/A,  1 = 1.2041eV/A,  2 = 1.1926eV/A,  3 = 1.0244eV/A,  
4 = 0.8989eV/A,  

##### STEPS: 117 #####

kernel fixed:
Theta = ['1.00e+01', '1.32e+00', '1.99e+02', '1.00e-02', '1.00e-05', '1.39e+00']

Timing:
Training    Relax pop.  Make cands.    Relax cands.    Evaluate    
8.70e-01    5.37e+00    8.84e+00       2.89e+02        1.66e+00    

Prediction:
energy = 38.88342eV,  energy_std = 0.17834eV
E_true:
0 = 39.4162eV,  1 = 39.4158eV,  

Energy of population:
0 = 38.7135eV,  1 = 38.7272eV,  2 = 38.8480eV,  3 = 38.8513eV,  
4 = 38.8659eV,  
Max force of ML-relaxed population:
0 = 1.1927eV/A,  1 = 1.2211eV/A,  2 = 1.2011eV/A,  3 = 0.9631eV/A,  
4 = 0.9264eV/A,  

##### STEPS: 118 #####

kernel fixed:
Theta = ['1.00e+01', '1.32e+00', '1.99e+02', '1.00e-02', '1.00e-05', '1.39e+00']

Timing:
Training    Relax pop.  Make cands.    Relax cands.    Evaluate    
8.93e-01    5.44e+00    9.57e+00       2.85e+02        1.66e+00    

Prediction:
energy = 39.30108eV,  energy_std = 0.54508eV
E_true:
0 = 39.2295eV,  1 = 39.1557eV,  

Energy of population:
0 = 38.7135eV,  1 = 38.7272eV,  2 = 38.8480eV,  3 = 38.8513eV,  
4 = 38.8659eV,  
Max force of ML-relaxed population:
0 = 1.1930eV/A,  1 = 1.2221eV/A,  2 = 1.2018eV/A,  3 = 0.9691eV/A,  
4 = 0.9398eV/A,  

##### STEPS: 119 #####

kernel fixed:
Theta = ['1.00e+01', '1.32e+00', '1.99e+02', '1.00e-02', '1.00e-05', '1.39e+00']

Timing:
Training    Relax pop.  Make cands.    Relax cands.    Evaluate    
9.14e-01    5.49e+00    1.16e+01       2.84e+02        1.65e+00    

Prediction:
energy = 38.92047eV,  energy_std = 0.49610eV
E_true:
0 = 39.0578eV,  1 = 39.0268eV,  

Energy of population:
0 = 38.7135eV,  1 = 38.7272eV,  2 = 38.8480eV,  3 = 38.8513eV,  
4 = 38.8659eV,  
Max force of ML-relaxed population:
0 = 1.1615eV/A,  1 = 1.1899eV/A,  2 = 1.1784eV/A,  3 = 0.9752eV/A,  
4 = 0.9410eV/A,  

##### STEPS: 120 #####

lml: 101.22849951241398
kernel optimized:
Theta = ['1.00e+01', '1.32e+00', '1.99e+02', '1.00e-02', '1.00e-05', '1.33e+00']

Timing:
Training    Relax pop.  Make cands.    Relax cands.    Evaluate    
7.06e+01    5.37e+00    1.10e+01       1.83e+02        1.69e+00    

Prediction:
energy = 38.92622eV,  energy_std = 0.29629eV
E_true:
0 = 39.3827eV,  1 = 39.1749eV,  

Energy of population:
0 = 38.7135eV,  1 = 38.7272eV,  2 = 38.8480eV,  3 = 38.8513eV,  
4 = 38.8659eV,  
Max force of ML-relaxed population:
0 = 1.1393eV/A,  1 = 1.1666eV/A,  2 = 1.1783eV/A,  3 = 0.9966eV/A,  
4 = 0.9345eV/A,  

##### STEPS: 121 #####

kernel fixed:
Theta = ['1.00e+01', '1.32e+00', '1.99e+02', '1.00e-02', '1.00e-05', '1.33e+00']

Timing:
Training    Relax pop.  Make cands.    Relax cands.    Evaluate    
9.27e-01    5.36e+00    9.42e+00       2.31e+02        1.68e+00    

Prediction:
energy = 39.16822eV,  energy_std = 0.27919eV
E_true:
0 = 39.1348eV,  1 = 39.1258eV,  

Energy of population:
0 = 38.7135eV,  1 = 38.7272eV,  2 = 38.8480eV,  3 = 38.8513eV,  
4 = 38.8659eV,  
Max force of ML-relaxed population:
0 = 1.1122eV/A,  1 = 1.1367eV/A,  2 = 1.2328eV/A,  3 = 0.9535eV/A,  
4 = 0.9434eV/A,  

##### STEPS: 122 #####

kernel fixed:
Theta = ['1.00e+01', '1.32e+00', '1.99e+02', '1.00e-02', '1.00e-05', '1.33e+00']

Timing:
Training    Relax pop.  Make cands.    Relax cands.    Evaluate    
9.42e-01    5.38e+00    8.63e+00       2.29e+02        1.63e+00    

Prediction:
energy = 38.27454eV,  energy_std = 0.61834eV
E_true:
0 = 39.4751eV,  1 = 39.4744eV,  

Energy of population:
0 = 38.7135eV,  1 = 38.7272eV,  2 = 38.8480eV,  3 = 38.8513eV,  
4 = 38.8659eV,  
Max force of ML-relaxed population:
0 = 1.1983eV/A,  1 = 1.2194eV/A,  2 = 1.0234eV/A,  3 = 1.0586eV/A,  
4 = 0.8740eV/A,  

##### STEPS: 123 #####

kernel fixed:
Theta = ['1.00e+01', '1.32e+00', '1.99e+02', '1.00e-02', '1.00e-05', '1.33e+00']

Timing:
Training    Relax pop.  Make cands.    Relax cands.    Evaluate    
9.58e-01    5.37e+00    9.32e+00       1.90e+02        1.66e+00    

Prediction:
energy = 38.92627eV,  energy_std = 0.64312eV
E_true:
0 = 40.6639eV,  1 = 40.3917eV,  

Energy of population:
0 = 38.7135eV,  1 = 38.7272eV,  2 = 38.8480eV,  3 = 38.8513eV,  
4 = 38.8659eV,  
Max force of ML-relaxed population:
0 = 1.2017eV/A,  1 = 1.2233eV/A,  2 = 1.0308eV/A,  3 = 1.0583eV/A,  
4 = 0.8746eV/A,  

##### STEPS: 124 #####

kernel fixed:
Theta = ['1.00e+01', '1.32e+00', '1.99e+02', '1.00e-02', '1.00e-05', '1.33e+00']

Timing:
Training    Relax pop.  Make cands.    Relax cands.    Evaluate    
9.73e-01    5.36e+00    8.06e+00       2.75e+02        1.68e+00    

Prediction:
energy = 38.75576eV,  energy_std = 0.28458eV
E_true:
0 = 38.9628eV,  1 = 38.9613eV,  

Energy of population:
0 = 38.7135eV,  1 = 38.7272eV,  2 = 38.8480eV,  3 = 38.8513eV,  
4 = 38.8659eV,  
Max force of ML-relaxed population:
0 = 1.2074eV/A,  1 = 1.2318eV/A,  2 = 1.0839eV/A,  3 = 1.0307eV/A,  
4 = 0.8852eV/A,  

##### STEPS: 125 #####

kernel fixed:
Theta = ['1.00e+01', '1.32e+00', '1.99e+02', '1.00e-02', '1.00e-05', '1.33e+00']

Timing:
Training    Relax pop.  Make cands.    Relax cands.    Evaluate    
9.85e-01    5.37e+00    9.36e+00       2.00e+02        1.69e+00    

Prediction:
energy = 38.73573eV,  energy_std = 0.41377eV
E_true:
0 = 38.9427eV,  1 = 38.8958eV,  

Energy of population:
0 = 38.7135eV,  1 = 38.7272eV,  2 = 38.8480eV,  3 = 38.8513eV,  
4 = 38.8659eV,  
Max force of ML-relaxed population:
0 = 1.2221eV/A,  1 = 1.2428eV/A,  2 = 1.0703eV/A,  3 = 1.0284eV/A,  
4 = 0.8765eV/A,  

##### STEPS: 126 #####

kernel fixed:
Theta = ['1.00e+01', '1.32e+00', '1.99e+02', '1.00e-02', '1.00e-05', '1.33e+00']

Timing:
Training    Relax pop.  Make cands.    Relax cands.    Evaluate    
1.00e+00    5.37e+00    9.47e+00       3.26e+02        1.67e+00    

Prediction:
energy = 38.98227eV,  energy_std = 0.25233eV
E_true:
0 = 39.1876eV,  1 = 39.1828eV,  

Energy of population:
0 = 38.7135eV,  1 = 38.7272eV,  2 = 38.8480eV,  3 = 38.8513eV,  
4 = 38.8659eV,  
Max force of ML-relaxed population:
0 = 1.1500eV/A,  1 = 1.1697eV/A,  2 = 0.9625eV/A,  3 = 1.0172eV/A,  
4 = 0.8976eV/A,  

##### STEPS: 127 #####

kernel fixed:
Theta = ['1.00e+01', '1.32e+00', '1.99e+02', '1.00e-02', '1.00e-05', '1.33e+00']

Timing:
Training    Relax pop.  Make cands.    Relax cands.    Evaluate    
1.02e+00    5.37e+00    8.59e+00       1.98e+02        1.68e+00    

Prediction:
energy = 38.92138eV,  energy_std = 0.32017eV
E_true:
0 = 38.9645eV,  1 = 38.8995eV,  

Energy of population:
0 = 38.7135eV,  1 = 38.7272eV,  2 = 38.8480eV,  3 = 38.8513eV,  
4 = 38.8659eV,  
Max force of ML-relaxed population:
0 = 1.1481eV/A,  1 = 1.1678eV/A,  2 = 0.9630eV/A,  3 = 1.0204eV/A,  
4 = 0.8989eV/A,  

##### STEPS: 128 #####

kernel fixed:
Theta = ['1.00e+01', '1.32e+00', '1.99e+02', '1.00e-02', '1.00e-05', '1.33e+00']

Timing:
Training    Relax pop.  Make cands.    Relax cands.    Evaluate    
1.04e+00    5.40e+00    9.15e+00       2.63e+02        1.69e+00    

Prediction:
energy = 38.72649eV,  energy_std = 0.37911eV
E_true:
0 = 38.9682eV,  1 = 38.9392eV,  

Energy of population:
0 = 38.7135eV,  1 = 38.7272eV,  2 = 38.8480eV,  3 = 38.8513eV,  
4 = 38.8659eV,  
Max force of ML-relaxed population:
0 = 1.2075eV/A,  1 = 1.2322eV/A,  2 = 0.9721eV/A,  3 = 1.0073eV/A,  
4 = 0.9338eV/A,  

##### STEPS: 129 #####

kernel fixed:
Theta = ['1.00e+01', '1.32e+00', '1.99e+02', '1.00e-02', '1.00e-05', '1.33e+00']

Timing:
Training    Relax pop.  Make cands.    Relax cands.    Evaluate    
1.06e+00    5.43e+00    1.02e+01       1.81e+02        1.67e+00    

Prediction:
energy = 38.82767eV,  energy_std = 0.67497eV
E_true:
0 = 38.9583eV,  1 = 38.9287eV,  

Energy of population:
0 = 38.7135eV,  1 = 38.7272eV,  2 = 38.8480eV,  3 = 38.8513eV,  
4 = 38.8659eV,  
Max force of ML-relaxed population:
0 = 1.3136eV/A,  1 = 1.3434eV/A,  2 = 1.0291eV/A,  3 = 1.0438eV/A,  
4 = 0.9239eV/A,  

##### STEPS: 130 #####

lml: 123.22288395452097
kernel optimized:
Theta = ['1.00e+01', '1.42e+00', '1.99e+02', '1.00e-02', '1.00e-05', '1.60e+00']

Timing:
Training    Relax pop.  Make cands.    Relax cands.    Evaluate    
7.63e+01    5.36e+00    9.64e+00       1.82e+02        1.69e+00    

Prediction:
energy = 38.95732eV,  energy_std = 0.35341eV
E_true:
0 = 38.9773eV,  1 = 38.8921eV,  

Energy of population:
0 = 38.7135eV,  1 = 38.7272eV,  2 = 38.8480eV,  3 = 38.8513eV,  
4 = 38.8659eV,  
Max force of ML-relaxed population:
0 = 1.3546eV/A,  1 = 1.3788eV/A,  2 = 1.0890eV/A,  3 = 0.9357eV/A,  
4 = 0.9316eV/A,  

##### STEPS: 131 #####

kernel fixed:
Theta = ['1.00e+01', '1.42e+00', '1.99e+02', '1.00e-02', '1.00e-05', '1.60e+00']

Timing:
Training    Relax pop.  Make cands.    Relax cands.    Evaluate    
1.08e+00    5.37e+00    1.04e+01       2.31e+02        1.67e+00    

Prediction:
energy = 38.77350eV,  energy_std = 0.45451eV
E_true:
0 = 40.6368eV,  1 = 40.5412eV,  

Energy of population:
0 = 38.7135eV,  1 = 38.7272eV,  2 = 38.8480eV,  3 = 38.8513eV,  
4 = 38.8659eV,  
Max force of ML-relaxed population:
0 = 1.3688eV/A,  1 = 1.3930eV/A,  2 = 1.0950eV/A,  3 = 0.9355eV/A,  
4 = 0.9338eV/A,  

##### STEPS: 132 #####

kernel fixed:
Theta = ['1.00e+01', '1.42e+00', '1.99e+02', '1.00e-02', '1.00e-05', '1.60e+00']

Timing:
Training    Relax pop.  Make cands.    Relax cands.    Evaluate    
1.10e+00    5.37e+00    9.47e+00       2.45e+02        1.65e+00    

Prediction:
energy = 38.98890eV,  energy_std = 0.50834eV
E_true:
0 = 39.5531eV,  1 = 39.5357eV,  

Energy of population:
0 = 38.7135eV,  1 = 38.7272eV,  2 = 38.8480eV,  3 = 38.8513eV,  
4 = 38.8659eV,  
Max force of ML-relaxed population:
0 = 1.3574eV/A,  1 = 1.3813eV/A,  2 = 1.1026eV/A,  3 = 0.9489eV/A,  
4 = 0.9175eV/A,  

##### STEPS: 133 #####

kernel fixed:
Theta = ['1.00e+01', '1.42e+00', '1.99e+02', '1.00e-02', '1.00e-05', '1.60e+00']

Timing:
Training    Relax pop.  Make cands.    Relax cands.    Evaluate    
1.11e+00    5.37e+00    7.64e+00       2.36e+02        1.63e+00    

Prediction:
energy = 39.30530eV,  energy_std = 0.39700eV
E_true:
0 = 39.4574eV,  1 = 39.4551eV,  

Energy of population:
0 = 38.7135eV,  1 = 38.7272eV,  2 = 38.8480eV,  3 = 38.8513eV,  
4 = 38.8659eV,  
Max force of ML-relaxed population:
0 = 1.3789eV/A,  1 = 1.4043eV/A,  2 = 1.1067eV/A,  3 = 0.9399eV/A,  
4 = 0.9303eV/A,  

##### STEPS: 134 #####

kernel fixed:
Theta = ['1.00e+01', '1.42e+00', '1.99e+02', '1.00e-02', '1.00e-05', '1.60e+00']

Timing:
Training    Relax pop.  Make cands.    Relax cands.    Evaluate    
1.13e+00    5.37e+00    1.02e+01       2.47e+02        1.69e+00    

Prediction:
energy = 39.13435eV,  energy_std = 0.35840eV
E_true:
0 = 39.7618eV,  1 = 39.6286eV,  

Energy of population:
0 = 38.7135eV,  1 = 38.7272eV,  2 = 38.8480eV,  3 = 38.8513eV,  
4 = 38.8659eV,  
Max force of ML-relaxed population:
0 = 1.3497eV/A,  1 = 1.3759eV/A,  2 = 1.0984eV/A,  3 = 0.9242eV/A,  
4 = 0.9272eV/A,  

##### STEPS: 135 #####

kernel fixed:
Theta = ['1.00e+01', '1.42e+00', '1.99e+02', '1.00e-02', '1.00e-05', '1.60e+00']

Timing:
Training    Relax pop.  Make cands.    Relax cands.    Evaluate    
1.14e+00    5.38e+00    9.93e+00       2.12e+02        1.68e+00    

Prediction:
energy = 38.51873eV,  energy_std = 0.55857eV
E_true:
0 = 39.0283eV,  1 = 39.0236eV,  

Energy of population:
0 = 38.7135eV,  1 = 38.7272eV,  2 = 38.8480eV,  3 = 38.8513eV,  
4 = 38.8659eV,  
Max force of ML-relaxed population:
0 = 1.3433eV/A,  1 = 1.3697eV/A,  2 = 1.1150eV/A,  3 = 0.9096eV/A,  
4 = 0.9185eV/A,  

##### STEPS: 136 #####

kernel fixed:
Theta = ['1.00e+01', '1.42e+00', '1.99e+02', '1.00e-02', '1.00e-05', '1.60e+00']

Timing:
Training    Relax pop.  Make cands.    Relax cands.    Evaluate    
1.16e+00    5.38e+00    9.68e+00       2.69e+02        1.66e+00    

Prediction:
energy = 39.24155eV,  energy_std = 0.83268eV
E_true:
0 = 39.4099eV,  1 = 39.4080eV,  

Energy of population:
0 = 38.7135eV,  1 = 38.7272eV,  2 = 38.8480eV,  3 = 38.8513eV,  
4 = 38.8659eV,  
Max force of ML-relaxed population:
0 = 1.3552eV/A,  1 = 1.3850eV/A,  2 = 1.1100eV/A,  3 = 0.9343eV/A,  
4 = 0.9131eV/A,  

##### STEPS: 137 #####

kernel fixed:
Theta = ['1.00e+01', '1.42e+00', '1.99e+02', '1.00e-02', '1.00e-05', '1.60e+00']

Timing:
Training    Relax pop.  Make cands.    Relax cands.    Evaluate    
1.19e+00    5.50e+00    1.02e+01       2.52e+02        1.70e+00    

Prediction:
energy = 38.79093eV,  energy_std = 0.50202eV
E_true:
0 = 39.5505eV,  1 = 39.3682eV,  

Energy of population:
0 = 38.7135eV,  1 = 38.7272eV,  2 = 38.8480eV,  3 = 38.8513eV,  
4 = 38.8659eV,  
Max force of ML-relaxed population:
0 = 1.3574eV/A,  1 = 1.3871eV/A,  2 = 1.1118eV/A,  3 = 0.9360eV/A,  
4 = 0.9161eV/A,  

##### STEPS: 138 #####

kernel fixed:
Theta = ['1.00e+01', '1.42e+00', '1.99e+02', '1.00e-02', '1.00e-05', '1.60e+00']

Timing:
Training    Relax pop.  Make cands.    Relax cands.    Evaluate    
1.22e+00    5.47e+00    9.75e+00       2.35e+02        1.69e+00    

Prediction:
energy = 39.08259eV,  energy_std = 0.20208eV
E_true:
0 = 38.9897eV,  1 = 38.9878eV,  

Energy of population:
0 = 38.7135eV,  1 = 38.7272eV,  2 = 38.8480eV,  3 = 38.8513eV,  
4 = 38.8659eV,  
Max force of ML-relaxed population:
0 = 1.2861eV/A,  1 = 1.3191eV/A,  2 = 1.0989eV/A,  3 = 0.9965eV/A,  
4 = 0.8931eV/A,  

##### STEPS: 139 #####

kernel fixed:
Theta = ['1.00e+01', '1.42e+00', '1.99e+02', '1.00e-02', '1.00e-05', '1.60e+00']

Timing:
Training    Relax pop.  Make cands.    Relax cands.    Evaluate    
1.22e+00    5.47e+00    9.37e+00       3.05e+02        1.67e+00    

Prediction:
energy = 39.12473eV,  energy_std = 0.33858eV
E_true:
0 = 38.8687eV,  1 = 38.8667eV,  

Energy of population:
0 = 38.7135eV,  1 = 38.7272eV,  2 = 38.8480eV,  3 = 38.8513eV,  
4 = 38.8659eV,  
Max force of ML-relaxed population:
0 = 1.2937eV/A,  1 = 1.3263eV/A,  2 = 1.0906eV/A,  3 = 0.9940eV/A,  
4 = 0.8924eV/A,  

##### STEPS: 140 #####

lml: 151.86095441079658
kernel optimized:
Theta = ['1.00e+01', '1.46e+00', '1.99e+02', '1.00e-02', '1.00e-05', '1.66e+00']

Timing:
Training    Relax pop.  Make cands.    Relax cands.    Evaluate    
9.47e+01    5.40e+00    9.53e+00       2.43e+02        1.69e+00    

Prediction:
energy = 38.93988eV,  energy_std = 0.29454eV
E_true:
0 = 39.0843eV,  1 = 39.0160eV,  

Energy of population:
0 = 38.7135eV,  1 = 38.7272eV,  2 = 38.8480eV,  3 = 38.8513eV,  
4 = 38.8659eV,  
Max force of ML-relaxed population:
0 = 1.2831eV/A,  1 = 1.3132eV/A,  2 = 1.1410eV/A,  3 = 0.9566eV/A,  
4 = 0.9000eV/A,  

##### STEPS: 141 #####

kernel fixed:
Theta = ['1.00e+01', '1.46e+00', '1.99e+02', '1.00e-02', '1.00e-05', '1.66e+00']

Timing:
Training    Relax pop.  Make cands.    Relax cands.    Evaluate    
1.24e+00    5.40e+00    9.30e+00       2.28e+02        1.69e+00    

Prediction:
energy = 39.11966eV,  energy_std = 0.49619eV
E_true:
0 = 39.0189eV,  1 = 38.9226eV,  

Energy of population:
0 = 38.7135eV,  1 = 38.7272eV,  2 = 38.8480eV,  3 = 38.8513eV,  
4 = 38.8659eV,  
Max force of ML-relaxed population:
0 = 1.2387eV/A,  1 = 1.2713eV/A,  2 = 1.1501eV/A,  3 = 0.9608eV/A,  
4 = 0.8796eV/A,  

##### STEPS: 142 #####

kernel fixed:
Theta = ['1.00e+01', '1.46e+00', '1.99e+02', '1.00e-02', '1.00e-05', '1.66e+00']

Timing:
Training    Relax pop.  Make cands.    Relax cands.    Evaluate    
1.26e+00    5.38e+00    8.71e+00       2.63e+02        1.68e+00    

Prediction:
energy = 38.90038eV,  energy_std = 0.31332eV
E_true:
0 = 39.2366eV,  1 = 39.1869eV,  

Energy of population:
0 = 38.7135eV,  1 = 38.7272eV,  2 = 38.8480eV,  3 = 38.8513eV,  
4 = 38.8659eV,  
Max force of ML-relaxed population:
0 = 1.1582eV/A,  1 = 1.1894eV/A,  2 = 1.1455eV/A,  3 = 0.9754eV/A,  
4 = 0.9062eV/A,  

##### STEPS: 143 #####

kernel fixed:
Theta = ['1.00e+01', '1.46e+00', '1.99e+02', '1.00e-02', '1.00e-05', '1.66e+00']

Timing:
Training    Relax pop.  Make cands.    Relax cands.    Evaluate    
1.27e+00    5.39e+00    1.08e+01       2.44e+02        1.71e+00    

Prediction:
energy = 38.98665eV,  energy_std = 0.56048eV
E_true:
0 = 38.9605eV,  1 = 38.8140eV,  

Energy of population:
0 = 38.7135eV,  1 = 38.7272eV,  2 = 38.8140eV,  3 = 38.8480eV,  
4 = 38.8513eV,  
Max force of ML-relaxed population:
0 = 1.1536eV/A,  1 = 1.1846eV/A,  2 = 1.1309eV/A,  3 = 0.9741eV/A,  
4 = 0.9067eV/A,  

##### STEPS: 144 #####

kernel fixed:
Theta = ['1.00e+01', '1.46e+00', '1.99e+02', '1.00e-02', '1.00e-05', '1.66e+00']

Timing:
Training    Relax pop.  Make cands.    Relax cands.    Evaluate    
1.30e+00    5.40e+00    9.90e+00       2.36e+02        1.70e+00    

Prediction:
energy = 39.28961eV,  energy_std = 0.45112eV
E_true:
0 = 39.2780eV,  1 = 39.0985eV,  

Energy of population:
0 = 38.7135eV,  1 = 38.7272eV,  2 = 38.8140eV,  3 = 38.8480eV,  
4 = 38.8513eV,  
Max force of ML-relaxed population:
0 = 1.1041eV/A,  1 = 1.1377eV/A,  2 = 1.7451eV/A,  3 = 1.1651eV/A,  
4 = 0.9887eV/A,  

##### STEPS: 145 #####

kernel fixed:
Theta = ['1.00e+01', '1.46e+00', '1.99e+02', '1.00e-02', '1.00e-05', '1.66e+00']

Timing:
Training    Relax pop.  Make cands.    Relax cands.    Evaluate    
1.31e+00    5.40e+00    8.54e+00       2.47e+02        1.69e+00    

Prediction:
energy = 38.74493eV,  energy_std = 0.33413eV
E_true:
0 = 38.8332eV,  1 = 38.8306eV,  

Energy of population:
0 = 38.7135eV,  1 = 38.7272eV,  2 = 38.8140eV,  3 = 38.8306eV,  
4 = 38.8480eV,  
Max force of ML-relaxed population:
0 = 0.9977eV/A,  1 = 1.0339eV/A,  2 = 1.6635eV/A,  3 = 1.1290eV/A,  
4 = 0.9710eV/A,  

##### STEPS: 146 #####

kernel fixed:
Theta = ['1.00e+01', '1.46e+00', '1.99e+02', '1.00e-02', '1.00e-05', '1.66e+00']

Timing:
Training    Relax pop.  Make cands.    Relax cands.    Evaluate    
1.32e+00    5.42e+00    9.05e+00       2.14e+02        1.68e+00    

Prediction:
energy = 38.97250eV,  energy_std = 0.22791eV
E_true:
0 = 39.1521eV,  1 = 39.0491eV,  

Energy of population:
0 = 38.7135eV,  1 = 38.7272eV,  2 = 38.8140eV,  3 = 38.8306eV,  
4 = 38.8480eV,  
Max force of ML-relaxed population:
0 = 1.0022eV/A,  1 = 1.0370eV/A,  2 = 1.6417eV/A,  3 = 0.9663eV/A,  
4 = 1.1252eV/A,  

##### STEPS: 147 #####

kernel fixed:
Theta = ['1.00e+01', '1.46e+00', '1.99e+02', '1.00e-02', '1.00e-05', '1.66e+00']

Timing:
Training    Relax pop.  Make cands.    Relax cands.    Evaluate    
1.35e+00    5.44e+00    1.15e+01       2.19e+02        1.70e+00    

Prediction:
energy = 38.91701eV,  energy_std = 0.26816eV
E_true:
0 = 39.0434eV,  1 = 39.0058eV,  

Energy of population:
0 = 38.7135eV,  1 = 38.7272eV,  2 = 38.8140eV,  3 = 38.8306eV,  
4 = 38.8480eV,  
Max force of ML-relaxed population:
0 = 0.9911eV/A,  1 = 1.0290eV/A,  2 = 1.6340eV/A,  3 = 0.9508eV/A,  
4 = 1.1387eV/A,  

##### STEPS: 148 #####

kernel fixed:
Theta = ['1.00e+01', '1.46e+00', '1.99e+02', '1.00e-02', '1.00e-05', '1.66e+00']

Timing:
Training    Relax pop.  Make cands.    Relax cands.    Evaluate    
1.38e+00    5.49e+00    1.01e+01       2.44e+02        1.70e+00    

Prediction:
energy = 38.96769eV,  energy_std = 0.33736eV
E_true:
0 = 39.0607eV,  1 = 39.0013eV,  

Energy of population:
0 = 38.7135eV,  1 = 38.7272eV,  2 = 38.8140eV,  3 = 38.8306eV,  
4 = 38.8480eV,  
Max force of ML-relaxed population:
0 = 0.9987eV/A,  1 = 1.0343eV/A,  2 = 1.6257eV/A,  3 = 0.9484eV/A,  
4 = 1.1388eV/A,  

##### STEPS: 149 #####

kernel fixed:
Theta = ['1.00e+01', '1.46e+00', '1.99e+02', '1.00e-02', '1.00e-05', '1.66e+00']

Timing:
Training    Relax pop.  Make cands.    Relax cands.    Evaluate    
1.40e+00    5.57e+00    8.43e+00       2.69e+02        1.63e+00    

Prediction:
energy = 38.58163eV,  energy_std = 0.30947eV
E_true:
0 = 39.3387eV,  1 = 39.2390eV,  

Energy of population:
0 = 38.7135eV,  1 = 38.7272eV,  2 = 38.8140eV,  3 = 38.8306eV,  
4 = 38.8480eV,  
Max force of ML-relaxed population:
0 = 0.9974eV/A,  1 = 1.0314eV/A,  2 = 1.6402eV/A,  3 = 0.8988eV/A,  
4 = 1.1058eV/A,  
